<?xml version="1.0" encoding="UTF-8"?>
<coverage generated="1780635991944" clover="3.2.0">
  <project timestamp="1780635991945" name="All files">
    <metrics statements="147" coveredstatements="120" conditionals="96" coveredconditionals="47" methods="37" coveredmethods="27" elements="280" coveredelements="194" complexity="0" loc="147" ncloc="147" packages="1" files="2" classes="2"/>
    <file name="aiAgent.js" path="E:\ECOM\2026\PROJETOS\NOVO PROJETO\WEBHOOK\src\services\aiAgent.js">
      <metrics statements="63" coveredstatements="58" conditionals="36" coveredconditionals="25" methods="16" coveredmethods="13"/>
      <line num="8" count="1" type="cond" truecount="1" falsecount="1"/>
      <line num="9" count="1" type="cond" truecount="1" falsecount="1"/>
      <line num="11" count="1" type="stmt"/>
      <line num="12" count="1" type="stmt"/>
      <line num="13" count="1" type="stmt"/>
      <line num="15" count="1" type="stmt"/>
      <line num="31" count="1" type="stmt"/>
      <line num="55" count="1" type="stmt"/>
      <line num="56" count="1" type="stmt"/>
      <line num="57" count="1" type="stmt"/>
      <line num="58" count="1" type="stmt"/>
      <line num="59" count="1" type="stmt"/>
      <line num="62" count="19" type="stmt"/>
      <line num="63" count="19" type="cond" truecount="2" falsecount="0"/>
      <line num="67" count="16" type="stmt"/>
      <line num="71" count="10" type="stmt"/>
      <line num="72" count="10" type="cond" truecount="2" falsecount="0"/>
      <line num="76" count="4" type="stmt"/>
      <line num="80" count="1" type="stmt"/>
      <line num="84" count="3" type="stmt"/>
      <line num="88" count="7" type="stmt"/>
      <line num="107" count="7" type="stmt"/>
      <line num="108" count="7" type="cond" truecount="2" falsecount="0"/>
      <line num="110" count="6" type="stmt"/>
      <line num="111" count="6" type="stmt"/>
      <line num="113" count="6" type="stmt"/>
      <line num="114" count="6" type="stmt"/>
      <line num="132" count="6" type="cond" truecount="1" falsecount="1"/>
      <line num="133" count="0" type="stmt"/>
      <line num="134" count="0" type="stmt"/>
      <line num="137" count="6" type="stmt"/>
      <line num="138" count="6" type="cond" truecount="1" falsecount="1"/>
      <line num="140" count="0" type="cond" truecount="0" falsecount="2"/>
      <line num="141" count="0" type="stmt"/>
      <line num="143" count="6" type="stmt"/>
      <line num="148" count="7" type="stmt"/>
      <line num="149" count="7" type="stmt"/>
      <line num="150" count="0" type="cond" truecount="0" falsecount="2"/>
      <line num="155" count="6" type="stmt"/>
      <line num="156" count="24" type="stmt"/>
      <line num="160" count="8" type="cond" truecount="2" falsecount="0"/>
      <line num="162" count="7" type="stmt"/>
      <line num="164" count="7" type="stmt"/>
      <line num="165" count="7" type="cond" truecount="2" falsecount="0"/>
      <line num="166" count="1" type="stmt"/>
      <line num="167" count="1" type="stmt"/>
      <line num="170" count="7" type="stmt"/>
      <line num="172" count="7" type="cond" truecount="1" falsecount="1"/>
      <line num="173" count="7" type="stmt"/>
      <line num="175" count="7" type="cond" truecount="2" falsecount="0"/>
      <line num="176" count="7" type="stmt"/>
      <line num="178" count="7" type="stmt"/>
      <line num="187" count="7" type="stmt"/>
      <line num="189" count="6" type="stmt"/>
      <line num="190" count="6" type="cond" truecount="2" falsecount="0"/>
      <line num="191" count="3" type="stmt"/>
      <line num="194" count="6" type="cond" truecount="1" falsecount="1"/>
      <line num="195" count="6" type="cond" truecount="2" falsecount="0"/>
      <line num="198" count="6" type="stmt"/>
      <line num="208" count="6" type="stmt"/>
      <line num="217" count="13" type="stmt"/>
      <line num="218" count="13" type="stmt"/>
      <line num="221" count="1" type="stmt"/>
    </file>
    <file name="flowEngine.js" path="E:\ECOM\2026\PROJETOS\NOVO PROJETO\WEBHOOK\src\services\flowEngine.js">
      <metrics statements="84" coveredstatements="62" conditionals="60" coveredconditionals="22" methods="21" coveredmethods="14"/>
      <line num="5" count="1" type="cond" truecount="1" falsecount="1"/>
      <line num="6" count="1" type="cond" truecount="1" falsecount="1"/>
      <line num="8" count="1" type="stmt"/>
      <line num="9" count="1" type="stmt"/>
      <line num="10" count="1" type="stmt"/>
      <line num="12" count="1" type="stmt"/>
      <line num="31" count="1" type="stmt"/>
      <line num="33" count="1" type="stmt"/>
      <line num="60" count="1" type="stmt"/>
      <line num="61" count="1" type="stmt"/>
      <line num="62" count="4" type="stmt"/>
      <line num="65" count="1" type="stmt"/>
      <line num="67" count="1" type="stmt"/>
      <line num="79" count="1" type="stmt"/>
      <line num="80" count="1" type="stmt"/>
      <line num="84" count="1" type="stmt"/>
      <line num="85" count="1" type="stmt"/>
      <line num="86" count="1" type="stmt"/>
      <line num="87" count="1" type="stmt"/>
      <line num="88" count="1" type="stmt"/>
      <line num="89" count="1" type="stmt"/>
      <line num="92" count="14" type="stmt"/>
      <line num="93" count="14" type="cond" truecount="2" falsecount="0"/>
      <line num="94" count="13" type="stmt"/>
      <line num="95" count="13" type="stmt"/>
      <line num="96" count="52" type="stmt"/>
      <line num="104" count="13" type="stmt"/>
      <line num="109" count="15" type="stmt"/>
      <line num="119" count="28" type="stmt"/>
      <line num="130" count="7" type="cond" truecount="3" falsecount="1"/>
      <line num="132" count="7" type="stmt"/>
      <line num="134" count="7" type="cond" truecount="1" falsecount="1"/>
      <line num="135" count="45" type="cond" truecount="2" falsecount="0"/>
      <line num="138" count="6" type="cond" truecount="1" falsecount="1"/>
      <line num="139" count="0" type="cond" truecount="0" falsecount="2"/>
      <line num="142" count="6" type="cond" truecount="1" falsecount="1"/>
      <line num="143" count="0" type="cond" truecount="0" falsecount="2"/>
      <line num="144" count="0" type="cond" truecount="0" falsecount="2"/>
      <line num="147" count="6" type="cond" truecount="1" falsecount="1"/>
      <line num="148" count="0" type="cond" truecount="0" falsecount="2"/>
      <line num="151" count="6" type="stmt"/>
      <line num="154" count="1" type="stmt"/>
      <line num="156" count="1" type="stmt"/>
      <line num="158" count="22" type="stmt"/>
      <line num="159" count="22" type="cond" truecount="2" falsecount="0"/>
      <line num="161" count="7" type="stmt"/>
      <line num="168" count="7" type="stmt"/>
      <line num="169" count="7" type="stmt"/>
      <line num="173" count="1" type="cond" truecount="1" falsecount="1"/>
      <line num="174" count="0" type="stmt"/>
      <line num="176" count="1" type="stmt"/>
      <line num="177" count="1" type="stmt"/>
      <line num="178" count="1" type="stmt"/>
      <line num="184" count="7" type="stmt"/>
      <line num="188" count="0" type="cond" truecount="0" falsecount="2"/>
      <line num="189" count="0" type="stmt"/>
      <line num="191" count="0" type="stmt"/>
      <line num="192" count="0" type="stmt"/>
      <line num="196" count="0" type="stmt"/>
      <line num="197" count="0" type="cond" truecount="0" falsecount="2"/>
      <line num="198" count="0" type="cond" truecount="0" falsecount="2"/>
      <line num="199" count="0" type="cond" truecount="0" falsecount="2"/>
      <line num="200" count="0" type="cond" truecount="0" falsecount="2"/>
      <line num="201" count="0" type="cond" truecount="0" falsecount="2"/>
      <line num="202" count="0" type="cond" truecount="0" falsecount="2"/>
      <line num="203" count="0" type="stmt"/>
      <line num="204" count="0" type="stmt"/>
      <line num="208" count="0" type="stmt"/>
      <line num="209" count="0" type="cond" truecount="0" falsecount="2"/>
      <line num="210" count="0" type="stmt"/>
      <line num="214" count="6" type="cond" truecount="1" falsecount="1"/>
      <line num="215" count="0" type="stmt"/>
      <line num="217" count="6" type="stmt"/>
      <line num="218" count="6" type="cond" truecount="1" falsecount="1"/>
      <line num="219" count="6" type="stmt"/>
      <line num="220" count="6" type="stmt"/>
      <line num="221" count="6" type="stmt"/>
      <line num="225" count="7" type="stmt"/>
      <line num="226" count="8" type="stmt"/>
      <line num="227" count="7" type="cond" truecount="1" falsecount="1"/>
      <line num="228" count="14" type="stmt"/>
      <line num="232" count="13" type="stmt"/>
      <line num="233" count="13" type="stmt"/>
      <line num="234" count="13" type="stmt"/>
    </file>
  </project>
</coverage>
