{"E:\\ECOM\\2026\\PROJETOS\\NOVO PROJETO\\WEBHOOK\\src\\services\\aiAgent.js": {"path":"E:\\ECOM\\2026\\PROJETOS\\NOVO PROJETO\\WEBHOOK\\src\\services\\aiAgent.js","statementMap":{"0":{"start":{"line":8,"column":15},"end":{"line":8,"column":82}},"1":{"start":{"line":9,"column":0},"end":{"line":9,"column":70}},"2":{"start":{"line":9,"column":28},"end":{"line":9,"column":70}},"3":{"start":{"line":11,"column":11},"end":{"line":11,"column":57}},"4":{"start":{"line":12,"column":0},"end":{"line":12,"column":32}},"5":{"start":{"line":13,"column":0},"end":{"line":13,"column":34}},"6":{"start":{"line":15,"column":0},"end":{"line":29,"column":3}},"7":{"start":{"line":31,"column":30},"end":{"line":53,"column":34}},"8":{"start":{"line":55,"column":22},"end":{"line":55,"column":77}},"9":{"start":{"line":56,"column":22},"end":{"line":56,"column":95}},"10":{"start":{"line":57,"column":31},"end":{"line":57,"column":115}},"11":{"start":{"line":58,"column":29},"end":{"line":58,"column":117}},"12":{"start":{"line":59,"column":32},"end":{"line":59,"column":99}},"13":{"start":{"line":62,"column":14},"end":{"line":62,"column":36}},"14":{"start":{"line":63,"column":2},"end":{"line":63,"column":32}},"15":{"start":{"line":67,"column":2},"end":{"line":67,"column":40}},"16":{"start":{"line":71,"column":14},"end":{"line":71,"column":34}},"17":{"start":{"line":72,"column":2},"end":{"line":72,"column":40}},"18":{"start":{"line":76,"column":2},"end":{"line":76,"column":36}},"19":{"start":{"line":80,"column":2},"end":{"line":80,"column":34}},"20":{"start":{"line":84,"column":2},"end":{"line":84,"column":53}},"21":{"start":{"line":88,"column":2},"end":{"line":103,"column":171}},"22":{"start":{"line":107,"column":17},"end":{"line":107,"column":43}},"23":{"start":{"line":108,"column":2},"end":{"line":108,"column":57}},"24":{"start":{"line":108,"column":15},"end":{"line":108,"column":57}},"25":{"start":{"line":110,"column":21},"end":{"line":110,"column":42}},"26":{"start":{"line":111,"column":18},"end":{"line":111,"column":61}},"27":{"start":{"line":111,"column":35},"end":{"line":111,"column":53}},"28":{"start":{"line":113,"column":2},"end":{"line":144,"column":3}},"29":{"start":{"line":114,"column":21},"end":{"line":130,"column":5}},"30":{"start":{"line":132,"column":4},"end":{"line":135,"column":5}},"31":{"start":{"line":133,"column":20},"end":{"line":133,"column":41}},"32":{"start":{"line":134,"column":6},"end":{"line":134,"column":52}},"33":{"start":{"line":137,"column":17},"end":{"line":137,"column":38}},"34":{"start":{"line":138,"column":4},"end":{"line":138,"column":107}},"35":{"start":{"line":140,"column":4},"end":{"line":140,"column":75}},"36":{"start":{"line":140,"column":37},"end":{"line":140,"column":75}},"37":{"start":{"line":141,"column":4},"end":{"line":141,"column":16}},"38":{"start":{"line":143,"column":4},"end":{"line":143,"column":26}},"39":{"start":{"line":148,"column":19},"end":{"line":148,"column":49}},"40":{"start":{"line":149,"column":2},"end":{"line":151,"column":15}},"41":{"start":{"line":150,"column":4},"end":{"line":150,"column":66}},"42":{"start":{"line":155,"column":21},"end":{"line":155,"column":106}},"43":{"start":{"line":156,"column":2},"end":{"line":156,"column":82}},"44":{"start":{"line":156,"column":38},"end":{"line":156,"column":80}},"45":{"start":{"line":160,"column":2},"end":{"line":160,"column":32}},"46":{"start":{"line":160,"column":20},"end":{"line":160,"column":32}},"47":{"start":{"line":162,"column":14},"end":{"line":162,"column":52}},"48":{"start":{"line":164,"column":19},"end":{"line":164,"column":59}},"49":{"start":{"line":165,"column":2},"end":{"line":168,"column":3}},"50":{"start":{"line":166,"column":4},"end":{"line":166,"column":45}},"51":{"start":{"line":167,"column":4},"end":{"line":167,"column":51}},"52":{"start":{"line":170,"column":25},"end":{"line":170,"column":55}},"53":{"start":{"line":172,"column":25},"end":{"line":172,"column":51}},"54":{"start":{"line":173,"column":22},"end":{"line":173,"column":83}},"55":{"start":{"line":175,"column":23},"end":{"line":175,"column":74}},"56":{"start":{"line":176,"column":27},"end":{"line":176,"column":74}},"57":{"start":{"line":176,"column":51},"end":{"line":176,"column":60}},"58":{"start":{"line":178,"column":17},"end":{"line":185,"column":4}},"59":{"start":{"line":187,"column":25},"end":{"line":187,"column":49}},"60":{"start":{"line":189,"column":21},"end":{"line":189,"column":52}},"61":{"start":{"line":190,"column":2},"end":{"line":192,"column":3}},"62":{"start":{"line":191,"column":4},"end":{"line":191,"column":75}},"63":{"start":{"line":194,"column":2},"end":{"line":196,"column":3}},"64":{"start":{"line":195,"column":4},"end":{"line":195,"column":77}},"65":{"start":{"line":198,"column":2},"end":{"line":206,"column":5}},"66":{"start":{"line":208,"column":2},"end":{"line":213,"column":4}},"67":{"start":{"line":217,"column":2},"end":{"line":217,"column":42}},"68":{"start":{"line":218,"column":2},"end":{"line":218,"column":35}},"69":{"start":{"line":221,"column":23},"end":{"line":229,"column":1}}},"fnMap":{"0":{"name":"getConfig","decl":{"start":{"line":61,"column":16},"end":{"line":61,"column":25}},"loc":{"start":{"line":61,"column":31},"end":{"line":64,"column":1}},"line":61},"1":{"name":"setConfig","decl":{"start":{"line":66,"column":16},"end":{"line":66,"column":25}},"loc":{"start":{"line":66,"column":38},"end":{"line":68,"column":1}},"line":66},"2":{"name":"isEnabled","decl":{"start":{"line":70,"column":16},"end":{"line":70,"column":25}},"loc":{"start":{"line":70,"column":28},"end":{"line":73,"column":1}},"line":70},"3":{"name":"getNotifications","decl":{"start":{"line":75,"column":16},"end":{"line":75,"column":32}},"loc":{"start":{"line":75,"column":35},"end":{"line":77,"column":1}},"line":75},"4":{"name":"resolveNotification","decl":{"start":{"line":79,"column":16},"end":{"line":79,"column":35}},"loc":{"start":{"line":79,"column":40},"end":{"line":81,"column":1}},"line":79},"5":{"name":"createNotification","decl":{"start":{"line":83,"column":9},"end":{"line":83,"column":27}},"loc":{"start":{"line":83,"column":52},"end":{"line":85,"column":1}},"line":83},"6":{"name":"buildPrompt","decl":{"start":{"line":87,"column":9},"end":{"line":87,"column":20}},"loc":{"start":{"line":87,"column":105},"end":{"line":104,"column":1}},"line":87},"7":{"name":"callGemini","decl":{"start":{"line":106,"column":15},"end":{"line":106,"column":25}},"loc":{"start":{"line":106,"column":34},"end":{"line":145,"column":1}},"line":106},"8":{"name":"(anonymous_8)","decl":{"start":{"line":111,"column":29},"end":{"line":111,"column":30}},"loc":{"start":{"line":111,"column":35},"end":{"line":111,"column":53}},"line":111},"9":{"name":"getRecentHistory","decl":{"start":{"line":147,"column":15},"end":{"line":147,"column":31}},"loc":{"start":{"line":147,"column":46},"end":{"line":152,"column":1}},"line":147},"10":{"name":"(anonymous_10)","decl":{"start":{"line":149,"column":36},"end":{"line":149,"column":37}},"loc":{"start":{"line":150,"column":4},"end":{"line":150,"column":66}},"line":150},"11":{"name":"checkNeedsHuman","decl":{"start":{"line":154,"column":9},"end":{"line":154,"column":24}},"loc":{"start":{"line":154,"column":35},"end":{"line":157,"column":1}},"line":154},"12":{"name":"(anonymous_12)","decl":{"start":{"line":156,"column":25},"end":{"line":156,"column":26}},"loc":{"start":{"line":156,"column":38},"end":{"line":156,"column":80}},"line":156},"13":{"name":"processMessage","decl":{"start":{"line":159,"column":22},"end":{"line":159,"column":36}},"loc":{"start":{"line":159,"column":53},"end":{"line":214,"column":1}},"line":159},"14":{"name":"(anonymous_14)","decl":{"start":{"line":176,"column":46},"end":{"line":176,"column":47}},"loc":{"start":{"line":176,"column":51},"end":{"line":176,"column":60}},"line":176},"15":{"name":"reset","decl":{"start":{"line":216,"column":16},"end":{"line":216,"column":21}},"loc":{"start":{"line":216,"column":24},"end":{"line":219,"column":1}},"line":216}},"branchMap":{"0":{"loc":{"start":{"line":8,"column":15},"end":{"line":8,"column":82}},"type":"cond-expr","locations":[{"start":{"line":8,"column":40},"end":{"line":8,"column":47}},{"start":{"line":8,"column":50},"end":{"line":8,"column":82}}],"line":8},"1":{"loc":{"start":{"line":9,"column":0},"end":{"line":9,"column":70}},"type":"if","locations":[{"start":{"line":9,"column":0},"end":{"line":9,"column":70}},{"start":{},"end":{}}],"line":9},"2":{"loc":{"start":{"line":63,"column":9},"end":{"line":63,"column":31}},"type":"cond-expr","locations":[{"start":{"line":63,"column":15},"end":{"line":63,"column":24}},{"start":{"line":63,"column":27},"end":{"line":63,"column":31}}],"line":63},"3":{"loc":{"start":{"line":72,"column":9},"end":{"line":72,"column":39}},"type":"binary-expr","locations":[{"start":{"line":72,"column":9},"end":{"line":72,"column":23}},{"start":{"line":72,"column":27},"end":{"line":72,"column":39}}],"line":72},"4":{"loc":{"start":{"line":93,"column":2},"end":{"line":93,"column":63}},"type":"binary-expr","locations":[{"start":{"line":93,"column":2},"end":{"line":93,"column":18}},{"start":{"line":93,"column":22},"end":{"line":93,"column":63}}],"line":93},"5":{"loc":{"start":{"line":96,"column":2},"end":{"line":96,"column":47}},"type":"binary-expr","locations":[{"start":{"line":96,"column":2},"end":{"line":96,"column":34}},{"start":{"line":96,"column":38},"end":{"line":96,"column":47}}],"line":96},"6":{"loc":{"start":{"line":108,"column":2},"end":{"line":108,"column":57}},"type":"if","locations":[{"start":{"line":108,"column":2},"end":{"line":108,"column":57}},{"start":{},"end":{}}],"line":108},"7":{"loc":{"start":{"line":132,"column":4},"end":{"line":135,"column":5}},"type":"if","locations":[{"start":{"line":132,"column":4},"end":{"line":135,"column":5}},{"start":{},"end":{}}],"line":132},"8":{"loc":{"start":{"line":138,"column":11},"end":{"line":138,"column":106}},"type":"binary-expr","locations":[{"start":{"line":138,"column":11},"end":{"line":138,"column":58}},{"start":{"line":138,"column":62},"end":{"line":138,"column":106}}],"line":138},"9":{"loc":{"start":{"line":140,"column":4},"end":{"line":140,"column":75}},"type":"if","locations":[{"start":{"line":140,"column":4},"end":{"line":140,"column":75}},{"start":{},"end":{}}],"line":140},"10":{"loc":{"start":{"line":150,"column":7},"end":{"line":150,"column":53}},"type":"cond-expr","locations":[{"start":{"line":150,"column":36},"end":{"line":150,"column":45}},{"start":{"line":150,"column":48},"end":{"line":150,"column":53}}],"line":150},"11":{"loc":{"start":{"line":160,"column":2},"end":{"line":160,"column":32}},"type":"if","locations":[{"start":{"line":160,"column":2},"end":{"line":160,"column":32}},{"start":{},"end":{}}],"line":160},"12":{"loc":{"start":{"line":165,"column":2},"end":{"line":168,"column":3}},"type":"if","locations":[{"start":{"line":165,"column":2},"end":{"line":168,"column":3}},{"start":{},"end":{}}],"line":165},"13":{"loc":{"start":{"line":172,"column":25},"end":{"line":172,"column":51}},"type":"binary-expr","locations":[{"start":{"line":172,"column":25},"end":{"line":172,"column":45}},{"start":{"line":172,"column":49},"end":{"line":172,"column":51}}],"line":172},"14":{"loc":{"start":{"line":175,"column":23},"end":{"line":175,"column":74}},"type":"binary-expr","locations":[{"start":{"line":175,"column":23},"end":{"line":175,"column":49}},{"start":{"line":175,"column":53},"end":{"line":175,"column":74}}],"line":175},"15":{"loc":{"start":{"line":190,"column":2},"end":{"line":192,"column":3}},"type":"if","locations":[{"start":{"line":190,"column":2},"end":{"line":192,"column":3}},{"start":{},"end":{}}],"line":190},"16":{"loc":{"start":{"line":194,"column":2},"end":{"line":196,"column":3}},"type":"if","locations":[{"start":{"line":194,"column":2},"end":{"line":196,"column":3}},{"start":{},"end":{}}],"line":194},"17":{"loc":{"start":{"line":195,"column":38},"end":{"line":195,"column":75}},"type":"binary-expr","locations":[{"start":{"line":195,"column":38},"end":{"line":195,"column":57}},{"start":{"line":195,"column":61},"end":{"line":195,"column":75}}],"line":195}},"s":{"0":1,"1":1,"2":0,"3":1,"4":1,"5":1,"6":1,"7":1,"8":1,"9":1,"10":1,"11":1,"12":1,"13":19,"14":19,"15":16,"16":10,"17":10,"18":4,"19":1,"20":3,"21":7,"22":7,"23":7,"24":1,"25":6,"26":6,"27":0,"28":6,"29":6,"30":6,"31":0,"32":0,"33":6,"34":6,"35":0,"36":0,"37":0,"38":6,"39":7,"40":7,"41":0,"42":6,"43":6,"44":24,"45":8,"46":1,"47":7,"48":7,"49":7,"50":1,"51":1,"52":7,"53":7,"54":7,"55":7,"56":7,"57":0,"58":7,"59":7,"60":6,"61":6,"62":3,"63":6,"64":6,"65":6,"66":6,"67":13,"68":13,"69":1},"f":{"0":19,"1":16,"2":10,"3":4,"4":1,"5":3,"6":7,"7":7,"8":0,"9":7,"10":0,"11":6,"12":24,"13":8,"14":0,"15":13},"b":{"0":[0,1],"1":[0,1],"2":[11,8],"3":[10,2],"4":[7,7],"5":[7,0],"6":[1,6],"7":[0,6],"8":[6,0],"9":[0,0],"10":[0,0],"11":[1,7],"12":[1,6],"13":[7,0],"14":[7,7],"15":[3,3],"16":[6,0],"17":[6,6]},"inputSourceMap":null,"_coverageSchema":"1a1c01bbd47fc00a2c39e90264f33305004495a9","hash":"9dc85ea94174ee641170ae518265e6fe3894dede"}
,"E:\\ECOM\\2026\\PROJETOS\\NOVO PROJETO\\WEBHOOK\\src\\services\\flowEngine.js": {"path":"E:\\ECOM\\2026\\PROJETOS\\NOVO PROJETO\\WEBHOOK\\src\\services\\flowEngine.js","statementMap":{"0":{"start":{"line":5,"column":15},"end":{"line":5,"column":82}},"1":{"start":{"line":6,"column":0},"end":{"line":6,"column":70}},"2":{"start":{"line":6,"column":28},"end":{"line":6,"column":70}},"3":{"start":{"line":8,"column":11},"end":{"line":8,"column":57}},"4":{"start":{"line":9,"column":0},"end":{"line":9,"column":32}},"5":{"start":{"line":10,"column":0},"end":{"line":10,"column":34}},"6":{"start":{"line":12,"column":0},"end":{"line":29,"column":3}},"7":{"start":{"line":31,"column":21},"end":{"line":31,"column":66}},"8":{"start":{"line":33,"column":22},"end":{"line":58,"column":1}},"9":{"start":{"line":60,"column":23},"end":{"line":60,"column":25}},"10":{"start":{"line":61,"column":0},"end":{"line":63,"column":1}},"11":{"start":{"line":62,"column":2},"end":{"line":62,"column":53}},"12":{"start":{"line":65,"column":28},"end":{"line":65,"column":94}},"13":{"start":{"line":67,"column":30},"end":{"line":77,"column":1}},"14":{"start":{"line":79,"column":21},"end":{"line":79,"column":86}},"15":{"start":{"line":80,"column":24},"end":{"line":83,"column":2}},"16":{"start":{"line":84,"column":27},"end":{"line":84,"column":88}},"17":{"start":{"line":85,"column":20},"end":{"line":85,"column":147}},"18":{"start":{"line":86,"column":20},"end":{"line":86,"column":74}},"19":{"start":{"line":87,"column":23},"end":{"line":87,"column":171}},"20":{"start":{"line":88,"column":23},"end":{"line":88,"column":75}},"21":{"start":{"line":89,"column":23},"end":{"line":89,"column":80}},"22":{"start":{"line":92,"column":20},"end":{"line":92,"column":40}},"23":{"start":{"line":93,"column":2},"end":{"line":105,"column":3}},"24":{"start":{"line":94,"column":23},"end":{"line":103,"column":6}},"25":{"start":{"line":95,"column":6},"end":{"line":102,"column":7}},"26":{"start":{"line":96,"column":8},"end":{"line":101,"column":10}},"27":{"start":{"line":104,"column":4},"end":{"line":104,"column":30}},"28":{"start":{"line":109,"column":2},"end":{"line":115,"column":4}},"29":{"start":{"line":119,"column":2},"end":{"line":126,"column":4}},"30":{"start":{"line":130,"column":2},"end":{"line":130,"column":73}},"31":{"start":{"line":130,"column":47},"end":{"line":130,"column":73}},"32":{"start":{"line":132,"column":14},"end":{"line":132,"column":35}},"33":{"start":{"line":134,"column":2},"end":{"line":136,"column":3}},"34":{"start":{"line":135,"column":4},"end":{"line":135,"column":79}},"35":{"start":{"line":135,"column":43},"end":{"line":135,"column":58}},"36":{"start":{"line":135,"column":61},"end":{"line":135,"column":79}},"37":{"start":{"line":138,"column":2},"end":{"line":140,"column":3}},"38":{"start":{"line":139,"column":4},"end":{"line":139,"column":75}},"39":{"start":{"line":139,"column":41},"end":{"line":139,"column":56}},"40":{"start":{"line":139,"column":59},"end":{"line":139,"column":75}},"41":{"start":{"line":142,"column":2},"end":{"line":145,"column":3}},"42":{"start":{"line":143,"column":4},"end":{"line":143,"column":75}},"43":{"start":{"line":143,"column":41},"end":{"line":143,"column":56}},"44":{"start":{"line":143,"column":59},"end":{"line":143,"column":75}},"45":{"start":{"line":144,"column":4},"end":{"line":144,"column":72}},"46":{"start":{"line":144,"column":38},"end":{"line":144,"column":53}},"47":{"start":{"line":144,"column":56},"end":{"line":144,"column":72}},"48":{"start":{"line":147,"column":2},"end":{"line":149,"column":3}},"49":{"start":{"line":148,"column":4},"end":{"line":148,"column":72}},"50":{"start":{"line":148,"column":38},"end":{"line":148,"column":53}},"51":{"start":{"line":148,"column":56},"end":{"line":148,"column":72}},"52":{"start":{"line":151,"column":2},"end":{"line":151,"column":28}},"53":{"start":{"line":154,"column":0},"end":{"line":154,"column":19}},"54":{"start":{"line":156,"column":26},"end":{"line":238,"column":1}},"55":{"start":{"line":158,"column":16},"end":{"line":158,"column":39}},"56":{"start":{"line":159,"column":4},"end":{"line":159,"column":36}},"57":{"start":{"line":159,"column":13},"end":{"line":159,"column":36}},"58":{"start":{"line":161,"column":21},"end":{"line":167,"column":5}},"59":{"start":{"line":168,"column":4},"end":{"line":168,"column":53}},"60":{"start":{"line":169,"column":4},"end":{"line":169,"column":20}},"61":{"start":{"line":173,"column":4},"end":{"line":175,"column":5}},"62":{"start":{"line":174,"column":6},"end":{"line":174,"column":96}},"63":{"start":{"line":176,"column":20},"end":{"line":176,"column":52}},"64":{"start":{"line":177,"column":4},"end":{"line":177,"column":103}},"65":{"start":{"line":178,"column":4},"end":{"line":178,"column":44}},"66":{"start":{"line":184,"column":4},"end":{"line":184,"column":51}},"67":{"start":{"line":188,"column":4},"end":{"line":190,"column":5}},"68":{"start":{"line":189,"column":6},"end":{"line":189,"column":93}},"69":{"start":{"line":191,"column":19},"end":{"line":191,"column":130}},"70":{"start":{"line":192,"column":4},"end":{"line":192,"column":51}},"71":{"start":{"line":196,"column":21},"end":{"line":196,"column":40}},"72":{"start":{"line":197,"column":4},"end":{"line":197,"column":60}},"73":{"start":{"line":197,"column":19},"end":{"line":197,"column":60}},"74":{"start":{"line":198,"column":18},"end":{"line":198,"column":49}},"75":{"start":{"line":199,"column":28},"end":{"line":199,"column":123}},"76":{"start":{"line":200,"column":29},"end":{"line":200,"column":84}},"77":{"start":{"line":201,"column":33},"end":{"line":201,"column":143}},"78":{"start":{"line":202,"column":21},"end":{"line":202,"column":60}},"79":{"start":{"line":203,"column":4},"end":{"line":203,"column":101}},"80":{"start":{"line":204,"column":4},"end":{"line":204,"column":31}},"81":{"start":{"line":208,"column":21},"end":{"line":208,"column":40}},"82":{"start":{"line":209,"column":4},"end":{"line":209,"column":60}},"83":{"start":{"line":209,"column":19},"end":{"line":209,"column":60}},"84":{"start":{"line":210,"column":4},"end":{"line":210,"column":27}},"85":{"start":{"line":214,"column":4},"end":{"line":216,"column":5}},"86":{"start":{"line":215,"column":6},"end":{"line":215,"column":134}},"87":{"start":{"line":217,"column":18},"end":{"line":217,"column":50}},"88":{"start":{"line":218,"column":4},"end":{"line":218,"column":63}},"89":{"start":{"line":218,"column":50},"end":{"line":218,"column":63}},"90":{"start":{"line":219,"column":20},"end":{"line":219,"column":56}},"91":{"start":{"line":220,"column":4},"end":{"line":220,"column":89}},"92":{"start":{"line":221,"column":4},"end":{"line":221,"column":44}},"93":{"start":{"line":225,"column":18},"end":{"line":225,"column":39}},"94":{"start":{"line":226,"column":22},"end":{"line":226,"column":56}},"95":{"start":{"line":226,"column":38},"end":{"line":226,"column":55}},"96":{"start":{"line":227,"column":4},"end":{"line":227,"column":30}},"97":{"start":{"line":227,"column":20},"end":{"line":227,"column":30}},"98":{"start":{"line":228,"column":4},"end":{"line":228,"column":83}},"99":{"start":{"line":228,"column":54},"end":{"line":228,"column":81}},"100":{"start":{"line":232,"column":4},"end":{"line":232,"column":49}},"101":{"start":{"line":233,"column":4},"end":{"line":233,"column":41}},"102":{"start":{"line":234,"column":4},"end":{"line":234,"column":23}}},"fnMap":{"0":{"name":"initDefaultRules","decl":{"start":{"line":91,"column":9},"end":{"line":91,"column":25}},"loc":{"start":{"line":91,"column":28},"end":{"line":106,"column":1}},"line":91},"1":{"name":"(anonymous_1)","decl":{"start":{"line":94,"column":38},"end":{"line":94,"column":39}},"loc":{"start":{"line":94,"column":49},"end":{"line":103,"column":5}},"line":94},"2":{"name":"rowToState","decl":{"start":{"line":108,"column":9},"end":{"line":108,"column":19}},"loc":{"start":{"line":108,"column":25},"end":{"line":116,"column":1}},"line":108},"3":{"name":"rowToRule","decl":{"start":{"line":118,"column":9},"end":{"line":118,"column":18}},"loc":{"start":{"line":118,"column":24},"end":{"line":127,"column":1}},"line":118},"4":{"name":"identifyPhase","decl":{"start":{"line":129,"column":9},"end":{"line":129,"column":22}},"loc":{"start":{"line":129,"column":46},"end":{"line":152,"column":1}},"line":129},"5":{"name":"(anonymous_5)","decl":{"start":{"line":135,"column":38},"end":{"line":135,"column":39}},"loc":{"start":{"line":135,"column":43},"end":{"line":135,"column":58}},"line":135},"6":{"name":"(anonymous_6)","decl":{"start":{"line":139,"column":36},"end":{"line":139,"column":37}},"loc":{"start":{"line":139,"column":41},"end":{"line":139,"column":56}},"line":139},"7":{"name":"(anonymous_7)","decl":{"start":{"line":143,"column":36},"end":{"line":143,"column":37}},"loc":{"start":{"line":143,"column":41},"end":{"line":143,"column":56}},"line":143},"8":{"name":"(anonymous_8)","decl":{"start":{"line":144,"column":33},"end":{"line":144,"column":34}},"loc":{"start":{"line":144,"column":38},"end":{"line":144,"column":53}},"line":144},"9":{"name":"(anonymous_9)","decl":{"start":{"line":148,"column":33},"end":{"line":148,"column":34}},"loc":{"start":{"line":148,"column":38},"end":{"line":148,"column":53}},"line":148},"10":{"name":"(anonymous_10)","decl":{"start":{"line":157,"column":2},"end":{"line":157,"column":3}},"loc":{"start":{"line":157,"column":30},"end":{"line":170,"column":3}},"line":157},"11":{"name":"(anonymous_11)","decl":{"start":{"line":172,"column":2},"end":{"line":172,"column":3}},"loc":{"start":{"line":172,"column":32},"end":{"line":179,"column":3}},"line":172},"12":{"name":"(anonymous_12)","decl":{"start":{"line":183,"column":2},"end":{"line":183,"column":3}},"loc":{"start":{"line":183,"column":19},"end":{"line":185,"column":3}},"line":183},"13":{"name":"(anonymous_13)","decl":{"start":{"line":187,"column":2},"end":{"line":187,"column":3}},"loc":{"start":{"line":187,"column":74},"end":{"line":193,"column":3}},"line":187},"14":{"name":"(anonymous_14)","decl":{"start":{"line":195,"column":2},"end":{"line":195,"column":3}},"loc":{"start":{"line":195,"column":26},"end":{"line":205,"column":3}},"line":195},"15":{"name":"(anonymous_15)","decl":{"start":{"line":207,"column":2},"end":{"line":207,"column":3}},"loc":{"start":{"line":207,"column":17},"end":{"line":211,"column":3}},"line":207},"16":{"name":"(anonymous_16)","decl":{"start":{"line":213,"column":2},"end":{"line":213,"column":3}},"loc":{"start":{"line":213,"column":36},"end":{"line":222,"column":3}},"line":213},"17":{"name":"(anonymous_17)","decl":{"start":{"line":224,"column":2},"end":{"line":224,"column":3}},"loc":{"start":{"line":224,"column":50},"end":{"line":229,"column":3}},"line":224},"18":{"name":"(anonymous_18)","decl":{"start":{"line":226,"column":33},"end":{"line":226,"column":34}},"loc":{"start":{"line":226,"column":38},"end":{"line":226,"column":55}},"line":226},"19":{"name":"(anonymous_19)","decl":{"start":{"line":228,"column":49},"end":{"line":228,"column":50}},"loc":{"start":{"line":228,"column":54},"end":{"line":228,"column":81}},"line":228},"20":{"name":"(anonymous_20)","decl":{"start":{"line":231,"column":2},"end":{"line":231,"column":3}},"loc":{"start":{"line":231,"column":10},"end":{"line":235,"column":3}},"line":231}},"branchMap":{"0":{"loc":{"start":{"line":5,"column":15},"end":{"line":5,"column":82}},"type":"cond-expr","locations":[{"start":{"line":5,"column":40},"end":{"line":5,"column":47}},{"start":{"line":5,"column":50},"end":{"line":5,"column":82}}],"line":5},"1":{"loc":{"start":{"line":6,"column":0},"end":{"line":6,"column":70}},"type":"if","locations":[{"start":{"line":6,"column":0},"end":{"line":6,"column":70}},{"start":{},"end":{}}],"line":6},"2":{"loc":{"start":{"line":93,"column":2},"end":{"line":105,"column":3}},"type":"if","locations":[{"start":{"line":93,"column":2},"end":{"line":105,"column":3}},{"start":{},"end":{}}],"line":93},"3":{"loc":{"start":{"line":112,"column":31},"end":{"line":112,"column":58}},"type":"binary-expr","locations":[{"start":{"line":112,"column":31},"end":{"line":112,"column":50}},{"start":{"line":112,"column":54},"end":{"line":112,"column":58}}],"line":112},"4":{"loc":{"start":{"line":122,"column":32},"end":{"line":122,"column":60}},"type":"binary-expr","locations":[{"start":{"line":122,"column":32},"end":{"line":122,"column":52}},{"start":{"line":122,"column":56},"end":{"line":122,"column":60}}],"line":122},"5":{"loc":{"start":{"line":124,"column":37},"end":{"line":124,"column":70}},"type":"binary-expr","locations":[{"start":{"line":124,"column":37},"end":{"line":124,"column":62}},{"start":{"line":124,"column":66},"end":{"line":124,"column":70}}],"line":124},"6":{"loc":{"start":{"line":130,"column":2},"end":{"line":130,"column":73}},"type":"if","locations":[{"start":{"line":130,"column":2},"end":{"line":130,"column":73}},{"start":{},"end":{}}],"line":130},"7":{"loc":{"start":{"line":130,"column":6},"end":{"line":130,"column":45}},"type":"binary-expr","locations":[{"start":{"line":130,"column":6},"end":{"line":130,"column":14}},{"start":{"line":130,"column":18},"end":{"line":130,"column":45}}],"line":130},"8":{"loc":{"start":{"line":134,"column":2},"end":{"line":136,"column":3}},"type":"if","locations":[{"start":{"line":134,"column":2},"end":{"line":136,"column":3}},{"start":{},"end":{}}],"line":134},"9":{"loc":{"start":{"line":135,"column":4},"end":{"line":135,"column":79}},"type":"if","locations":[{"start":{"line":135,"column":4},"end":{"line":135,"column":79}},{"start":{},"end":{}}],"line":135},"10":{"loc":{"start":{"line":138,"column":2},"end":{"line":140,"column":3}},"type":"if","locations":[{"start":{"line":138,"column":2},"end":{"line":140,"column":3}},{"start":{},"end":{}}],"line":138},"11":{"loc":{"start":{"line":139,"column":4},"end":{"line":139,"column":75}},"type":"if","locations":[{"start":{"line":139,"column":4},"end":{"line":139,"column":75}},{"start":{},"end":{}}],"line":139},"12":{"loc":{"start":{"line":142,"column":2},"end":{"line":145,"column":3}},"type":"if","locations":[{"start":{"line":142,"column":2},"end":{"line":145,"column":3}},{"start":{},"end":{}}],"line":142},"13":{"loc":{"start":{"line":143,"column":4},"end":{"line":143,"column":75}},"type":"if","locations":[{"start":{"line":143,"column":4},"end":{"line":143,"column":75}},{"start":{},"end":{}}],"line":143},"14":{"loc":{"start":{"line":144,"column":4},"end":{"line":144,"column":72}},"type":"if","locations":[{"start":{"line":144,"column":4},"end":{"line":144,"column":72}},{"start":{},"end":{}}],"line":144},"15":{"loc":{"start":{"line":147,"column":2},"end":{"line":149,"column":3}},"type":"if","locations":[{"start":{"line":147,"column":2},"end":{"line":149,"column":3}},{"start":{},"end":{}}],"line":147},"16":{"loc":{"start":{"line":148,"column":4},"end":{"line":148,"column":72}},"type":"if","locations":[{"start":{"line":148,"column":4},"end":{"line":148,"column":72}},{"start":{},"end":{}}],"line":148},"17":{"loc":{"start":{"line":159,"column":4},"end":{"line":159,"column":36}},"type":"if","locations":[{"start":{"line":159,"column":4},"end":{"line":159,"column":36}},{"start":{},"end":{}}],"line":159},"18":{"loc":{"start":{"line":173,"column":4},"end":{"line":175,"column":5}},"type":"if","locations":[{"start":{"line":173,"column":4},"end":{"line":175,"column":5}},{"start":{},"end":{}}],"line":173},"19":{"loc":{"start":{"line":188,"column":4},"end":{"line":190,"column":5}},"type":"if","locations":[{"start":{"line":188,"column":4},"end":{"line":190,"column":5}},{"start":{},"end":{}}],"line":188},"20":{"loc":{"start":{"line":197,"column":4},"end":{"line":197,"column":60}},"type":"if","locations":[{"start":{"line":197,"column":4},"end":{"line":197,"column":60}},{"start":{},"end":{}}],"line":197},"21":{"loc":{"start":{"line":198,"column":18},"end":{"line":198,"column":49}},"type":"binary-expr","locations":[{"start":{"line":198,"column":18},"end":{"line":198,"column":31}},{"start":{"line":198,"column":35},"end":{"line":198,"column":49}}],"line":198},"22":{"loc":{"start":{"line":199,"column":28},"end":{"line":199,"column":123}},"type":"cond-expr","locations":[{"start":{"line":199,"column":55},"end":{"line":199,"column":95}},{"start":{"line":199,"column":98},"end":{"line":199,"column":123}}],"line":199},"23":{"loc":{"start":{"line":200,"column":29},"end":{"line":200,"column":84}},"type":"binary-expr","locations":[{"start":{"line":200,"column":29},"end":{"line":200,"column":54}},{"start":{"line":200,"column":58},"end":{"line":200,"column":84}}],"line":200},"24":{"loc":{"start":{"line":201,"column":33},"end":{"line":201,"column":143}},"type":"cond-expr","locations":[{"start":{"line":201,"column":65},"end":{"line":201,"column":110}},{"start":{"line":201,"column":113},"end":{"line":201,"column":143}}],"line":201},"25":{"loc":{"start":{"line":202,"column":21},"end":{"line":202,"column":60}},"type":"binary-expr","locations":[{"start":{"line":202,"column":21},"end":{"line":202,"column":38}},{"start":{"line":202,"column":42},"end":{"line":202,"column":60}}],"line":202},"26":{"loc":{"start":{"line":209,"column":4},"end":{"line":209,"column":60}},"type":"if","locations":[{"start":{"line":209,"column":4},"end":{"line":209,"column":60}},{"start":{},"end":{}}],"line":209},"27":{"loc":{"start":{"line":214,"column":4},"end":{"line":216,"column":5}},"type":"if","locations":[{"start":{"line":214,"column":4},"end":{"line":216,"column":5}},{"start":{},"end":{}}],"line":214},"28":{"loc":{"start":{"line":218,"column":4},"end":{"line":218,"column":63}},"type":"if","locations":[{"start":{"line":218,"column":4},"end":{"line":218,"column":63}},{"start":{},"end":{}}],"line":218},"29":{"loc":{"start":{"line":227,"column":4},"end":{"line":227,"column":30}},"type":"if","locations":[{"start":{"line":227,"column":4},"end":{"line":227,"column":30}},{"start":{},"end":{}}],"line":227}},"s":{"0":1,"1":1,"2":0,"3":1,"4":1,"5":1,"6":1,"7":1,"8":1,"9":1,"10":1,"11":4,"12":1,"13":1,"14":1,"15":1,"16":1,"17":1,"18":1,"19":1,"20":1,"21":1,"22":14,"23":14,"24":13,"25":13,"26":52,"27":13,"28":15,"29":28,"30":7,"31":0,"32":7,"33":7,"34":7,"35":45,"36":1,"37":6,"38":0,"39":0,"40":0,"41":6,"42":0,"43":0,"44":0,"45":0,"46":0,"47":0,"48":6,"49":0,"50":0,"51":0,"52":6,"53":1,"54":1,"55":22,"56":22,"57":15,"58":7,"59":7,"60":7,"61":1,"62":0,"63":1,"64":1,"65":1,"66":7,"67":0,"68":0,"69":0,"70":0,"71":0,"72":0,"73":0,"74":0,"75":0,"76":0,"77":0,"78":0,"79":0,"80":0,"81":0,"82":0,"83":0,"84":0,"85":6,"86":0,"87":6,"88":6,"89":0,"90":6,"91":6,"92":6,"93":7,"94":7,"95":8,"96":7,"97":0,"98":7,"99":14,"100":13,"101":13,"102":13},"f":{"0":14,"1":13,"2":15,"3":28,"4":7,"5":45,"6":0,"7":0,"8":0,"9":0,"10":22,"11":1,"12":7,"13":0,"14":0,"15":0,"16":6,"17":7,"18":8,"19":14,"20":13},"b":{"0":[0,1],"1":[0,1],"2":[13,1],"3":[15,0],"4":[28,0],"5":[28,0],"6":[0,7],"7":[7,7],"8":[7,0],"9":[1,6],"10":[0,6],"11":[0,0],"12":[0,6],"13":[0,0],"14":[0,0],"15":[0,6],"16":[0,0],"17":[15,7],"18":[0,1],"19":[0,0],"20":[0,0],"21":[0,0],"22":[0,0],"23":[0,0],"24":[0,0],"25":[0,0],"26":[0,0],"27":[0,6],"28":[0,6],"29":[0,7]},"inputSourceMap":null,"_coverageSchema":"1a1c01bbd47fc00a2c39e90264f33305004495a9","hash":"e3aac96488d189cee7bf4f418ce80acc4d7f63e6"}
}
