{"E:\\ECOM\\2026\\PROJETOS\\NOVO PROJETO\\WEBHOOK\\src\\handlers\\webhook.js": {"path":"E:\\ECOM\\2026\\PROJETOS\\NOVO PROJETO\\WEBHOOK\\src\\handlers\\webhook.js","statementMap":{"0":{"start":{"line":7,"column":24},"end":{"line":7,"column":68}},"1":{"start":{"line":9,"column":0},"end":{"line":11,"column":3}},"2":{"start":{"line":10,"column":2},"end":{"line":10,"column":52}},"3":{"start":{"line":19,"column":2},"end":{"line":19,"column":24}},"4":{"start":{"line":19,"column":14},"end":{"line":19,"column":24}},"5":{"start":{"line":20,"column":2},"end":{"line":20,"column":38}},"6":{"start":{"line":30,"column":2},"end":{"line":49,"column":3}},"7":{"start":{"line":31,"column":18},"end":{"line":31,"column":33}},"8":{"start":{"line":32,"column":21},"end":{"line":32,"column":45}},"9":{"start":{"line":34,"column":17},"end":{"line":34,"column":27}},"10":{"start":{"line":35,"column":21},"end":{"line":35,"column":50}},"11":{"start":{"line":38,"column":25},"end":{"line":40,"column":23}},"12":{"start":{"line":39,"column":19},"end":{"line":39,"column":36}},"13":{"start":{"line":40,"column":16},"end":{"line":40,"column":22}},"14":{"start":{"line":41,"column":20},"end":{"line":41,"column":57}},"15":{"start":{"line":43,"column":4},"end":{"line":48,"column":6}},"16":{"start":{"line":52,"column":2},"end":{"line":57,"column":4}},"17":{"start":{"line":66,"column":45},"end":{"line":66,"column":72}},"18":{"start":{"line":69,"column":2},"end":{"line":73,"column":3}},"19":{"start":{"line":70,"column":4},"end":{"line":72,"column":7}},"20":{"start":{"line":75,"column":2},"end":{"line":77,"column":3}},"21":{"start":{"line":76,"column":4},"end":{"line":76,"column":69}},"22":{"start":{"line":79,"column":2},"end":{"line":113,"column":3}},"23":{"start":{"line":80,"column":21},"end":{"line":80,"column":55}},"24":{"start":{"line":81,"column":20},"end":{"line":89,"column":74}},"25":{"start":{"line":90,"column":19},"end":{"line":90,"column":71}},"26":{"start":{"line":92,"column":4},"end":{"line":92,"column":49}},"27":{"start":{"line":94,"column":4},"end":{"line":109,"column":5}},"28":{"start":{"line":95,"column":6},"end":{"line":104,"column":9}},"29":{"start":{"line":105,"column":6},"end":{"line":105,"column":46}},"30":{"start":{"line":107,"column":6},"end":{"line":107,"column":59}},"31":{"start":{"line":108,"column":6},"end":{"line":108,"column":64}},"32":{"start":{"line":111,"column":4},"end":{"line":111,"column":43}},"33":{"start":{"line":112,"column":4},"end":{"line":112,"column":62}}},"fnMap":{"0":{"name":"(anonymous_0)","decl":{"start":{"line":9,"column":32},"end":{"line":9,"column":33}},"loc":{"start":{"line":9,"column":39},"end":{"line":11,"column":1}},"line":9},"1":{"name":"cleanPhone","decl":{"start":{"line":18,"column":9},"end":{"line":18,"column":19}},"loc":{"start":{"line":18,"column":27},"end":{"line":21,"column":1}},"line":18},"2":{"name":"parseLastLinkData","decl":{"start":{"line":28,"column":9},"end":{"line":28,"column":26}},"loc":{"start":{"line":28,"column":33},"end":{"line":58,"column":1}},"line":28},"3":{"name":"(anonymous_3)","decl":{"start":{"line":39,"column":14},"end":{"line":39,"column":15}},"loc":{"start":{"line":39,"column":19},"end":{"line":39,"column":36}},"line":39},"4":{"name":"(anonymous_4)","decl":{"start":{"line":40,"column":11},"end":{"line":40,"column":12}},"loc":{"start":{"line":40,"column":16},"end":{"line":40,"column":22}},"line":40},"5":{"name":"handleWebhook","decl":{"start":{"line":65,"column":22},"end":{"line":65,"column":35}},"loc":{"start":{"line":65,"column":52},"end":{"line":114,"column":1}},"line":65}},"branchMap":{"0":{"loc":{"start":{"line":19,"column":2},"end":{"line":19,"column":24}},"type":"if","locations":[{"start":{"line":19,"column":2},"end":{"line":19,"column":24}},{"start":{},"end":{}}],"line":19},"1":{"loc":{"start":{"line":30,"column":2},"end":{"line":49,"column":3}},"type":"if","locations":[{"start":{"line":30,"column":2},"end":{"line":49,"column":3}},{"start":{},"end":{}}],"line":30},"2":{"loc":{"start":{"line":32,"column":21},"end":{"line":32,"column":45}},"type":"binary-expr","locations":[{"start":{"line":32,"column":21},"end":{"line":32,"column":39}},{"start":{"line":32,"column":43},"end":{"line":32,"column":45}}],"line":32},"3":{"loc":{"start":{"line":39,"column":19},"end":{"line":39,"column":36}},"type":"binary-expr","locations":[{"start":{"line":39,"column":19},"end":{"line":39,"column":25}},{"start":{"line":39,"column":29},"end":{"line":39,"column":36}}],"line":39},"4":{"loc":{"start":{"line":41,"column":20},"end":{"line":41,"column":57}},"type":"binary-expr","locations":[{"start":{"line":41,"column":20},"end":{"line":41,"column":43}},{"start":{"line":41,"column":47},"end":{"line":41,"column":57}}],"line":41},"5":{"loc":{"start":{"line":47,"column":13},"end":{"line":47,"column":43}},"type":"binary-expr","locations":[{"start":{"line":47,"column":13},"end":{"line":47,"column":23}},{"start":{"line":47,"column":27},"end":{"line":47,"column":43}}],"line":47},"6":{"loc":{"start":{"line":69,"column":2},"end":{"line":73,"column":3}},"type":"if","locations":[{"start":{"line":69,"column":2},"end":{"line":73,"column":3}},{"start":{},"end":{}}],"line":69},"7":{"loc":{"start":{"line":69,"column":6},"end":{"line":69,"column":36}},"type":"binary-expr","locations":[{"start":{"line":69,"column":6},"end":{"line":69,"column":11}},{"start":{"line":69,"column":15},"end":{"line":69,"column":24}},{"start":{"line":69,"column":28},"end":{"line":69,"column":36}}],"line":69},"8":{"loc":{"start":{"line":75,"column":2},"end":{"line":77,"column":3}},"type":"if","locations":[{"start":{"line":75,"column":2},"end":{"line":77,"column":3}},{"start":{},"end":{}}],"line":75},"9":{"loc":{"start":{"line":81,"column":20},"end":{"line":89,"column":74}},"type":"cond-expr","locations":[{"start":{"line":82,"column":8},"end":{"line":88,"column":10}},{"start":{"line":89,"column":8},"end":{"line":89,"column":74}}],"line":81},"10":{"loc":{"start":{"line":86,"column":17},"end":{"line":86,"column":50}},"type":"binary-expr","locations":[{"start":{"line":86,"column":17},"end":{"line":86,"column":44}},{"start":{"line":86,"column":48},"end":{"line":86,"column":50}}],"line":86},"11":{"loc":{"start":{"line":87,"column":18},"end":{"line":87,"column":49}},"type":"binary-expr","locations":[{"start":{"line":87,"column":18},"end":{"line":87,"column":43}},{"start":{"line":87,"column":47},"end":{"line":87,"column":49}}],"line":87},"12":{"loc":{"start":{"line":94,"column":4},"end":{"line":109,"column":5}},"type":"if","locations":[{"start":{"line":94,"column":4},"end":{"line":109,"column":5}},{"start":{"line":106,"column":11},"end":{"line":109,"column":5}}],"line":94}},"s":{"0":1,"1":1,"2":0,"3":0,"4":0,"5":0,"6":7,"7":0,"8":0,"9":0,"10":0,"11":0,"12":0,"13":0,"14":0,"15":0,"16":7,"17":7,"18":7,"19":3,"20":4,"21":1,"22":3,"23":3,"24":3,"25":3,"26":2,"27":2,"28":1,"29":1,"30":1,"31":1,"32":1,"33":1},"f":{"0":0,"1":0,"2":7,"3":0,"4":0,"5":7},"b":{"0":[0,0],"1":[0,7],"2":[0,0],"3":[0,0],"4":[0,0],"5":[0,0],"6":[3,4],"7":[7,6,5],"8":[1,3],"9":[3,0],"10":[3,3],"11":[3,3],"12":[1,1]},"inputSourceMap":null,"_coverageSchema":"1a1c01bbd47fc00a2c39e90264f33305004495a9","hash":"37d229a26e302dfa8b43a3d1ced846148e3b0087"}
,"E:\\ECOM\\2026\\PROJETOS\\NOVO PROJETO\\WEBHOOK\\src\\middleware\\auth.js": {"path":"E:\\ECOM\\2026\\PROJETOS\\NOVO PROJETO\\WEBHOOK\\src\\middleware\\auth.js","statementMap":{"0":{"start":{"line":4,"column":19},"end":{"line":4,"column":78}},"1":{"start":{"line":11,"column":21},"end":{"line":11,"column":46}},"2":{"start":{"line":13,"column":2},"end":{"line":15,"column":3}},"3":{"start":{"line":14,"column":4},"end":{"line":14,"column":59}},"4":{"start":{"line":17,"column":16},"end":{"line":17,"column":39}},"5":{"start":{"line":18,"column":24},"end":{"line":18,"column":49}},"6":{"start":{"line":20,"column":2},"end":{"line":22,"column":3}},"7":{"start":{"line":21,"column":4},"end":{"line":21,"column":59}},"8":{"start":{"line":25,"column":19},"end":{"line":25,"column":37}},"9":{"start":{"line":26,"column":22},"end":{"line":26,"column":48}},"10":{"start":{"line":28,"column":2},"end":{"line":30,"column":3}},"11":{"start":{"line":29,"column":4},"end":{"line":29,"column":59}},"12":{"start":{"line":32,"column":2},"end":{"line":32,"column":9}},"13":{"start":{"line":36,"column":21},"end":{"line":36,"column":46}},"14":{"start":{"line":38,"column":2},"end":{"line":40,"column":3}},"15":{"start":{"line":39,"column":4},"end":{"line":39,"column":66}},"16":{"start":{"line":42,"column":16},"end":{"line":42,"column":40}},"17":{"start":{"line":44,"column":2},"end":{"line":50,"column":3}},"18":{"start":{"line":45,"column":20},"end":{"line":45,"column":49}},"19":{"start":{"line":46,"column":4},"end":{"line":46,"column":23}},"20":{"start":{"line":47,"column":4},"end":{"line":47,"column":11}},"21":{"start":{"line":49,"column":4},"end":{"line":49,"column":61}}},"fnMap":{"0":{"name":"authMiddleware","decl":{"start":{"line":10,"column":16},"end":{"line":10,"column":30}},"loc":{"start":{"line":10,"column":47},"end":{"line":33,"column":1}},"line":10},"1":{"name":"authJWT","decl":{"start":{"line":35,"column":16},"end":{"line":35,"column":23}},"loc":{"start":{"line":35,"column":40},"end":{"line":51,"column":1}},"line":35}},"branchMap":{"0":{"loc":{"start":{"line":4,"column":19},"end":{"line":4,"column":78}},"type":"binary-expr","locations":[{"start":{"line":4,"column":19},"end":{"line":4,"column":41}},{"start":{"line":4,"column":45},"end":{"line":4,"column":78}}],"line":4},"1":{"loc":{"start":{"line":13,"column":2},"end":{"line":15,"column":3}},"type":"if","locations":[{"start":{"line":13,"column":2},"end":{"line":15,"column":3}},{"start":{},"end":{}}],"line":13},"2":{"loc":{"start":{"line":13,"column":6},"end":{"line":13,"column":54}},"type":"binary-expr","locations":[{"start":{"line":13,"column":6},"end":{"line":13,"column":17}},{"start":{"line":13,"column":21},"end":{"line":13,"column":54}}],"line":13},"3":{"loc":{"start":{"line":20,"column":2},"end":{"line":22,"column":3}},"type":"if","locations":[{"start":{"line":20,"column":2},"end":{"line":22,"column":3}},{"start":{},"end":{}}],"line":20},"4":{"loc":{"start":{"line":20,"column":6},"end":{"line":20,"column":30}},"type":"binary-expr","locations":[{"start":{"line":20,"column":6},"end":{"line":20,"column":12}},{"start":{"line":20,"column":16},"end":{"line":20,"column":30}}],"line":20},"5":{"loc":{"start":{"line":28,"column":2},"end":{"line":30,"column":3}},"type":"if","locations":[{"start":{"line":28,"column":2},"end":{"line":30,"column":3}},{"start":{},"end":{}}],"line":28},"6":{"loc":{"start":{"line":28,"column":6},"end":{"line":28,"column":94}},"type":"binary-expr","locations":[{"start":{"line":28,"column":6},"end":{"line":28,"column":44}},{"start":{"line":28,"column":48},"end":{"line":28,"column":94}}],"line":28},"7":{"loc":{"start":{"line":38,"column":2},"end":{"line":40,"column":3}},"type":"if","locations":[{"start":{"line":38,"column":2},"end":{"line":40,"column":3}},{"start":{},"end":{}}],"line":38},"8":{"loc":{"start":{"line":38,"column":6},"end":{"line":38,"column":54}},"type":"binary-expr","locations":[{"start":{"line":38,"column":6},"end":{"line":38,"column":17}},{"start":{"line":38,"column":21},"end":{"line":38,"column":54}}],"line":38}},"s":{"0":1,"1":4,"2":4,"3":1,"4":3,"5":3,"6":3,"7":1,"8":2,"9":2,"10":2,"11":1,"12":1,"13":0,"14":0,"15":0,"16":0,"17":0,"18":0,"19":0,"20":0,"21":0},"f":{"0":4,"1":0},"b":{"0":[1,1],"1":[1,3],"2":[4,3],"3":[1,2],"4":[3,2],"5":[1,1],"6":[2,1],"7":[0,0],"8":[0,0]},"inputSourceMap":null,"_coverageSchema":"1a1c01bbd47fc00a2c39e90264f33305004495a9","hash":"47d71ba0e029a75f002f8358e8abc328dab252fc"}
,"E:\\ECOM\\2026\\PROJETOS\\NOVO PROJETO\\WEBHOOK\\src\\services\\categoryService.js": {"path":"E:\\ECOM\\2026\\PROJETOS\\NOVO PROJETO\\WEBHOOK\\src\\services\\categoryService.js","statementMap":{"0":{"start":{"line":5,"column":19},"end":{"line":5,"column":49}},"1":{"start":{"line":6,"column":18},"end":{"line":6,"column":37}},"2":{"start":{"line":8,"column":27},"end":{"line":25,"column":1}},"3":{"start":{"line":27,"column":20},"end":{"line":27,"column":67}},"4":{"start":{"line":31,"column":4},"end":{"line":31,"column":25}},"5":{"start":{"line":32,"column":4},"end":{"line":32,"column":24}},"6":{"start":{"line":36,"column":4},"end":{"line":43,"column":5}},"7":{"start":{"line":37,"column":19},"end":{"line":37,"column":55}},"8":{"start":{"line":38,"column":6},"end":{"line":38,"column":41}},"9":{"start":{"line":39,"column":6},"end":{"line":39,"column":25}},"10":{"start":{"line":41,"column":6},"end":{"line":41,"column":50}},"11":{"start":{"line":42,"column":6},"end":{"line":42,"column":25}},"12":{"start":{"line":47,"column":4},"end":{"line":51,"column":5}},"13":{"start":{"line":48,"column":6},"end":{"line":48,"column":77}},"14":{"start":{"line":50,"column":6},"end":{"line":50,"column":69}},"15":{"start":{"line":55,"column":4},"end":{"line":55,"column":48}},"16":{"start":{"line":56,"column":4},"end":{"line":56,"column":23}},"17":{"start":{"line":60,"column":4},"end":{"line":62,"column":5}},"18":{"start":{"line":61,"column":6},"end":{"line":61,"column":67}},"19":{"start":{"line":64,"column":27},"end":{"line":64,"column":52}},"20":{"start":{"line":66,"column":4},"end":{"line":74,"column":5}},"21":{"start":{"line":67,"column":6},"end":{"line":67,"column":38}},"22":{"start":{"line":67,"column":29},"end":{"line":67,"column":38}},"23":{"start":{"line":69,"column":6},"end":{"line":73,"column":7}},"24":{"start":{"line":70,"column":8},"end":{"line":72,"column":9}},"25":{"start":{"line":71,"column":10},"end":{"line":71,"column":21}},"26":{"start":{"line":76,"column":4},"end":{"line":76,"column":21}},"27":{"start":{"line":80,"column":4},"end":{"line":82,"column":5}},"28":{"start":{"line":81,"column":6},"end":{"line":81,"column":67}},"29":{"start":{"line":84,"column":4},"end":{"line":84,"column":40}},"30":{"start":{"line":88,"column":4},"end":{"line":90,"column":5}},"31":{"start":{"line":89,"column":6},"end":{"line":89,"column":67}},"32":{"start":{"line":92,"column":4},"end":{"line":95,"column":6}},"33":{"start":{"line":97,"column":4},"end":{"line":97,"column":23}},"34":{"start":{"line":101,"column":31},"end":{"line":101,"column":52}}},"fnMap":{"0":{"name":"(anonymous_0)","decl":{"start":{"line":30,"column":2},"end":{"line":30,"column":3}},"loc":{"start":{"line":30,"column":16},"end":{"line":33,"column":3}},"line":30},"1":{"name":"(anonymous_1)","decl":{"start":{"line":35,"column":2},"end":{"line":35,"column":3}},"loc":{"start":{"line":35,"column":15},"end":{"line":44,"column":3}},"line":35},"2":{"name":"(anonymous_2)","decl":{"start":{"line":46,"column":2},"end":{"line":46,"column":3}},"loc":{"start":{"line":46,"column":15},"end":{"line":52,"column":3}},"line":46},"3":{"name":"(anonymous_3)","decl":{"start":{"line":54,"column":2},"end":{"line":54,"column":3}},"loc":{"start":{"line":54,"column":10},"end":{"line":57,"column":3}},"line":54},"4":{"name":"(anonymous_4)","decl":{"start":{"line":59,"column":2},"end":{"line":59,"column":3}},"loc":{"start":{"line":59,"column":28},"end":{"line":77,"column":3}},"line":59},"5":{"name":"(anonymous_5)","decl":{"start":{"line":79,"column":2},"end":{"line":79,"column":3}},"loc":{"start":{"line":79,"column":18},"end":{"line":85,"column":3}},"line":79},"6":{"name":"(anonymous_6)","decl":{"start":{"line":87,"column":2},"end":{"line":87,"column":3}},"loc":{"start":{"line":87,"column":29},"end":{"line":98,"column":3}},"line":87}},"branchMap":{"0":{"loc":{"start":{"line":60,"column":4},"end":{"line":62,"column":5}},"type":"if","locations":[{"start":{"line":60,"column":4},"end":{"line":62,"column":5}},{"start":{},"end":{}}],"line":60},"1":{"loc":{"start":{"line":67,"column":6},"end":{"line":67,"column":38}},"type":"if","locations":[{"start":{"line":67,"column":6},"end":{"line":67,"column":38}},{"start":{},"end":{}}],"line":67},"2":{"loc":{"start":{"line":70,"column":8},"end":{"line":72,"column":9}},"type":"if","locations":[{"start":{"line":70,"column":8},"end":{"line":72,"column":9}},{"start":{},"end":{}}],"line":70},"3":{"loc":{"start":{"line":80,"column":4},"end":{"line":82,"column":5}},"type":"if","locations":[{"start":{"line":80,"column":4},"end":{"line":82,"column":5}},{"start":{},"end":{}}],"line":80},"4":{"loc":{"start":{"line":88,"column":4},"end":{"line":90,"column":5}},"type":"if","locations":[{"start":{"line":88,"column":4},"end":{"line":90,"column":5}},{"start":{},"end":{}}],"line":88}},"s":{"0":1,"1":1,"2":1,"3":1,"4":1,"5":1,"6":9,"7":9,"8":9,"9":9,"10":0,"11":0,"12":1,"13":1,"14":0,"15":0,"16":0,"17":6,"18":0,"19":6,"20":6,"21":13,"22":1,"23":12,"24":36,"25":5,"26":1,"27":3,"28":0,"29":3,"30":1,"31":0,"32":1,"33":1,"34":1},"f":{"0":1,"1":9,"2":1,"3":0,"4":6,"5":3,"6":1},"b":{"0":[0,6],"1":[1,12],"2":[5,31],"3":[0,3],"4":[0,1]},"inputSourceMap":null,"_coverageSchema":"1a1c01bbd47fc00a2c39e90264f33305004495a9","hash":"030f287e808f685e74a46345e5a84b8c17d710a4"}
,"E:\\ECOM\\2026\\PROJETOS\\NOVO PROJETO\\WEBHOOK\\src\\services\\messageStore.js": {"path":"E:\\ECOM\\2026\\PROJETOS\\NOVO PROJETO\\WEBHOOK\\src\\services\\messageStore.js","statementMap":{"0":{"start":{"line":1,"column":17},"end":{"line":1,"column":19}},"1":{"start":{"line":2,"column":21},"end":{"line":2,"column":25}},"2":{"start":{"line":4,"column":28},"end":{"line":57,"column":1}},"3":{"start":{"line":6,"column":20},"end":{"line":16,"column":5}},"4":{"start":{"line":18,"column":4},"end":{"line":18,"column":27}},"5":{"start":{"line":20,"column":4},"end":{"line":22,"column":5}},"6":{"start":{"line":21,"column":6},"end":{"line":21,"column":57}},"7":{"start":{"line":24,"column":4},"end":{"line":24,"column":19}},"8":{"start":{"line":28,"column":4},"end":{"line":28,"column":25}},"9":{"start":{"line":32,"column":4},"end":{"line":32,"column":34}},"10":{"start":{"line":36,"column":4},"end":{"line":38,"column":6}},"11":{"start":{"line":37,"column":6},"end":{"line":37,"column":40}},"12":{"start":{"line":42,"column":16},"end":{"line":42,"column":47}},"13":{"start":{"line":42,"column":35},"end":{"line":42,"column":46}},"14":{"start":{"line":43,"column":4},"end":{"line":46,"column":5}},"15":{"start":{"line":44,"column":6},"end":{"line":44,"column":26}},"16":{"start":{"line":45,"column":6},"end":{"line":45,"column":17}},"17":{"start":{"line":47,"column":4},"end":{"line":47,"column":16}},"18":{"start":{"line":51,"column":4},"end":{"line":51,"column":24}},"19":{"start":{"line":55,"column":4},"end":{"line":55,"column":27}}},"fnMap":{"0":{"name":"(anonymous_0)","decl":{"start":{"line":5,"column":2},"end":{"line":5,"column":3}},"loc":{"start":{"line":5,"column":11},"end":{"line":25,"column":3}},"line":5},"1":{"name":"(anonymous_1)","decl":{"start":{"line":27,"column":2},"end":{"line":27,"column":3}},"loc":{"start":{"line":27,"column":11},"end":{"line":29,"column":3}},"line":27},"2":{"name":"(anonymous_2)","decl":{"start":{"line":31,"column":2},"end":{"line":31,"column":3}},"loc":{"start":{"line":31,"column":24},"end":{"line":33,"column":3}},"line":31},"3":{"name":"(anonymous_3)","decl":{"start":{"line":35,"column":2},"end":{"line":35,"column":3}},"loc":{"start":{"line":35,"column":20},"end":{"line":39,"column":3}},"line":35},"4":{"name":"(anonymous_4)","decl":{"start":{"line":36,"column":27},"end":{"line":36,"column":28}},"loc":{"start":{"line":37,"column":6},"end":{"line":37,"column":40}},"line":37},"5":{"name":"(anonymous_5)","decl":{"start":{"line":41,"column":2},"end":{"line":41,"column":3}},"loc":{"start":{"line":41,"column":27},"end":{"line":48,"column":3}},"line":41},"6":{"name":"(anonymous_6)","decl":{"start":{"line":42,"column":30},"end":{"line":42,"column":31}},"loc":{"start":{"line":42,"column":35},"end":{"line":42,"column":46}},"line":42},"7":{"name":"(anonymous_7)","decl":{"start":{"line":50,"column":2},"end":{"line":50,"column":3}},"loc":{"start":{"line":50,"column":10},"end":{"line":52,"column":3}},"line":50},"8":{"name":"(anonymous_8)","decl":{"start":{"line":54,"column":2},"end":{"line":54,"column":3}},"loc":{"start":{"line":54,"column":14},"end":{"line":56,"column":3}},"line":54}},"branchMap":{"0":{"loc":{"start":{"line":12,"column":17},"end":{"line":12,"column":58}},"type":"binary-expr","locations":[{"start":{"line":12,"column":17},"end":{"line":12,"column":30}},{"start":{"line":12,"column":34},"end":{"line":12,"column":58}}],"line":12},"1":{"loc":{"start":{"line":13,"column":17},"end":{"line":13,"column":44}},"type":"binary-expr","locations":[{"start":{"line":13,"column":17},"end":{"line":13,"column":30}},{"start":{"line":13,"column":34},"end":{"line":13,"column":44}}],"line":13},"2":{"loc":{"start":{"line":14,"column":14},"end":{"line":14,"column":34}},"type":"binary-expr","locations":[{"start":{"line":14,"column":14},"end":{"line":14,"column":24}},{"start":{"line":14,"column":28},"end":{"line":14,"column":34}}],"line":14},"3":{"loc":{"start":{"line":15,"column":12},"end":{"line":15,"column":30}},"type":"binary-expr","locations":[{"start":{"line":15,"column":12},"end":{"line":15,"column":20}},{"start":{"line":15,"column":24},"end":{"line":15,"column":30}}],"line":15},"4":{"loc":{"start":{"line":20,"column":4},"end":{"line":22,"column":5}},"type":"if","locations":[{"start":{"line":20,"column":4},"end":{"line":22,"column":5}},{"start":{},"end":{}}],"line":20},"5":{"loc":{"start":{"line":31,"column":12},"end":{"line":31,"column":22}},"type":"default-arg","locations":[{"start":{"line":31,"column":20},"end":{"line":31,"column":22}}],"line":31},"6":{"loc":{"start":{"line":37,"column":6},"end":{"line":37,"column":40}},"type":"binary-expr","locations":[{"start":{"line":37,"column":6},"end":{"line":37,"column":22}},{"start":{"line":37,"column":26},"end":{"line":37,"column":40}}],"line":37},"7":{"loc":{"start":{"line":43,"column":4},"end":{"line":46,"column":5}},"type":"if","locations":[{"start":{"line":43,"column":4},"end":{"line":46,"column":5}},{"start":{},"end":{}}],"line":43}},"s":{"0":1,"1":1,"2":1,"3":1,"4":1,"5":1,"6":0,"7":1,"8":0,"9":0,"10":0,"11":0,"12":0,"13":0,"14":0,"15":0,"16":0,"17":0,"18":0,"19":0},"f":{"0":1,"1":0,"2":0,"3":0,"4":0,"5":0,"6":0,"7":0,"8":0},"b":{"0":[1,1],"1":[1,0],"2":[1,0],"3":[1,0],"4":[0,1],"5":[0],"6":[0,0],"7":[0,0]},"inputSourceMap":null,"_coverageSchema":"1a1c01bbd47fc00a2c39e90264f33305004495a9","hash":"ffa5719b0ae356014ef6726f15d286bccc010b6f"}
,"E:\\ECOM\\2026\\PROJETOS\\NOVO PROJETO\\WEBHOOK\\src\\services\\templateService.js": {"path":"E:\\ECOM\\2026\\PROJETOS\\NOVO PROJETO\\WEBHOOK\\src\\services\\templateService.js","statementMap":{"0":{"start":{"line":5,"column":19},"end":{"line":5,"column":49}},"1":{"start":{"line":6,"column":18},"end":{"line":6,"column":37}},"2":{"start":{"line":8,"column":20},"end":{"line":8,"column":66}},"3":{"start":{"line":10,"column":26},"end":{"line":31,"column":1}},"4":{"start":{"line":34,"column":15},"end":{"line":34,"column":17}},"5":{"start":{"line":37,"column":4},"end":{"line":37,"column":16}},"6":{"start":{"line":41,"column":4},"end":{"line":50,"column":5}},"7":{"start":{"line":42,"column":6},"end":{"line":47,"column":7}},"8":{"start":{"line":43,"column":20},"end":{"line":43,"column":54}},"9":{"start":{"line":44,"column":8},"end":{"line":44,"column":42}},"10":{"start":{"line":46,"column":8},"end":{"line":46,"column":61}},"11":{"start":{"line":49,"column":6},"end":{"line":49,"column":59}},"12":{"start":{"line":54,"column":16},"end":{"line":54,"column":36}},"13":{"start":{"line":55,"column":4},"end":{"line":57,"column":5}},"14":{"start":{"line":56,"column":6},"end":{"line":56,"column":42}},"15":{"start":{"line":58,"column":4},"end":{"line":58,"column":82}},"16":{"start":{"line":62,"column":4},"end":{"line":62,"column":57}},"17":{"start":{"line":63,"column":4},"end":{"line":63,"column":16}},"18":{"start":{"line":67,"column":4},"end":{"line":67,"column":42}},"19":{"start":{"line":71,"column":16},"end":{"line":71,"column":38}},"20":{"start":{"line":72,"column":4},"end":{"line":72,"column":26}},"21":{"start":{"line":72,"column":14},"end":{"line":72,"column":26}},"22":{"start":{"line":73,"column":4},"end":{"line":73,"column":46}},"23":{"start":{"line":73,"column":35},"end":{"line":73,"column":46}},"24":{"start":{"line":74,"column":4},"end":{"line":74,"column":16}},"25":{"start":{"line":78,"column":4},"end":{"line":80,"column":7}},"26":{"start":{"line":79,"column":6},"end":{"line":79,"column":57}},"27":{"start":{"line":84,"column":4},"end":{"line":86,"column":5}},"28":{"start":{"line":85,"column":6},"end":{"line":85,"column":34}},"29":{"start":{"line":87,"column":4},"end":{"line":87,"column":71}},"30":{"start":{"line":88,"column":4},"end":{"line":88,"column":16}},"31":{"start":{"line":89,"column":4},"end":{"line":89,"column":34}},"32":{"start":{"line":93,"column":4},"end":{"line":93,"column":34}},"33":{"start":{"line":94,"column":4},"end":{"line":94,"column":16}},"34":{"start":{"line":98,"column":4},"end":{"line":98,"column":34}},"35":{"start":{"line":102,"column":31},"end":{"line":102,"column":52}}},"fnMap":{"0":{"name":"(anonymous_0)","decl":{"start":{"line":36,"column":2},"end":{"line":36,"column":3}},"loc":{"start":{"line":36,"column":16},"end":{"line":38,"column":3}},"line":36},"1":{"name":"(anonymous_1)","decl":{"start":{"line":40,"column":2},"end":{"line":40,"column":3}},"loc":{"start":{"line":40,"column":9},"end":{"line":51,"column":3}},"line":40},"2":{"name":"(anonymous_2)","decl":{"start":{"line":53,"column":2},"end":{"line":53,"column":3}},"loc":{"start":{"line":53,"column":9},"end":{"line":59,"column":3}},"line":53},"3":{"name":"(anonymous_3)","decl":{"start":{"line":61,"column":2},"end":{"line":61,"column":3}},"loc":{"start":{"line":61,"column":10},"end":{"line":64,"column":3}},"line":61},"4":{"name":"(anonymous_4)","decl":{"start":{"line":66,"column":2},"end":{"line":66,"column":3}},"loc":{"start":{"line":66,"column":21},"end":{"line":68,"column":3}},"line":66},"5":{"name":"(anonymous_5)","decl":{"start":{"line":70,"column":2},"end":{"line":70,"column":3}},"loc":{"start":{"line":70,"column":41},"end":{"line":75,"column":3}},"line":70},"6":{"name":"(anonymous_6)","decl":{"start":{"line":77,"column":2},"end":{"line":77,"column":3}},"loc":{"start":{"line":77,"column":32},"end":{"line":81,"column":3}},"line":77},"7":{"name":"(anonymous_7)","decl":{"start":{"line":78,"column":41},"end":{"line":78,"column":42}},"loc":{"start":{"line":78,"column":57},"end":{"line":80,"column":5}},"line":78},"8":{"name":"(anonymous_8)","decl":{"start":{"line":83,"column":2},"end":{"line":83,"column":3}},"loc":{"start":{"line":83,"column":33},"end":{"line":90,"column":3}},"line":83},"9":{"name":"(anonymous_9)","decl":{"start":{"line":92,"column":2},"end":{"line":92,"column":3}},"loc":{"start":{"line":92,"column":24},"end":{"line":95,"column":3}},"line":92},"10":{"name":"(anonymous_10)","decl":{"start":{"line":97,"column":2},"end":{"line":97,"column":3}},"loc":{"start":{"line":97,"column":20},"end":{"line":99,"column":3}},"line":97}},"branchMap":{"0":{"loc":{"start":{"line":42,"column":6},"end":{"line":47,"column":7}},"type":"if","locations":[{"start":{"line":42,"column":6},"end":{"line":47,"column":7}},{"start":{"line":45,"column":13},"end":{"line":47,"column":7}}],"line":42},"1":{"loc":{"start":{"line":55,"column":4},"end":{"line":57,"column":5}},"type":"if","locations":[{"start":{"line":55,"column":4},"end":{"line":57,"column":5}},{"start":{},"end":{}}],"line":55},"2":{"loc":{"start":{"line":67,"column":11},"end":{"line":67,"column":41}},"type":"binary-expr","locations":[{"start":{"line":67,"column":11},"end":{"line":67,"column":33}},{"start":{"line":67,"column":37},"end":{"line":67,"column":41}}],"line":67},"3":{"loc":{"start":{"line":72,"column":4},"end":{"line":72,"column":26}},"type":"if","locations":[{"start":{"line":72,"column":4},"end":{"line":72,"column":26}},{"start":{},"end":{}}],"line":72},"4":{"loc":{"start":{"line":73,"column":4},"end":{"line":73,"column":46}},"type":"if","locations":[{"start":{"line":73,"column":4},"end":{"line":73,"column":46}},{"start":{},"end":{}}],"line":73},"5":{"loc":{"start":{"line":79,"column":13},"end":{"line":79,"column":56}},"type":"cond-expr","locations":[{"start":{"line":79,"column":39},"end":{"line":79,"column":48}},{"start":{"line":79,"column":51},"end":{"line":79,"column":56}}],"line":79},"6":{"loc":{"start":{"line":84,"column":4},"end":{"line":86,"column":5}},"type":"if","locations":[{"start":{"line":84,"column":4},"end":{"line":86,"column":5}},{"start":{},"end":{}}],"line":84}},"s":{"0":2,"1":2,"2":2,"3":2,"4":12,"5":12,"6":12,"7":12,"8":12,"9":12,"10":0,"11":0,"12":12,"13":12,"14":0,"15":12,"16":10,"17":10,"18":7,"19":3,"20":3,"21":1,"22":2,"23":1,"24":1,"25":5,"26":11,"27":2,"28":1,"29":2,"30":2,"31":2,"32":0,"33":0,"34":1,"35":2},"f":{"0":12,"1":12,"2":12,"3":10,"4":7,"5":3,"6":5,"7":11,"8":2,"9":0,"10":1},"b":{"0":[12,0],"1":[0,12],"2":[7,1],"3":[1,2],"4":[1,1],"5":[10,1],"6":[1,1]},"inputSourceMap":null,"_coverageSchema":"1a1c01bbd47fc00a2c39e90264f33305004495a9","hash":"9cb34ae5f842ab70c4bd22d895aaf8a7840f6e3d"}
,"E:\\ECOM\\2026\\PROJETOS\\NOVO PROJETO\\WEBHOOK\\src\\services\\whatsapp.js": {"path":"E:\\ECOM\\2026\\PROJETOS\\NOVO PROJETO\\WEBHOOK\\src\\services\\whatsapp.js","statementMap":{"0":{"start":{"line":3,"column":15},"end":{"line":3,"column":38}},"1":{"start":{"line":11,"column":2},"end":{"line":11,"column":54}},"2":{"start":{"line":11,"column":14},"end":{"line":11,"column":54}},"3":{"start":{"line":13,"column":18},"end":{"line":13,"column":42}},"4":{"start":{"line":15,"column":2},"end":{"line":17,"column":3}},"5":{"start":{"line":16,"column":4},"end":{"line":16,"column":44}},"6":{"start":{"line":19,"column":2},"end":{"line":21,"column":3}},"7":{"start":{"line":20,"column":4},"end":{"line":20,"column":19}},"8":{"start":{"line":22,"column":2},"end":{"line":22,"column":24}},"9":{"start":{"line":30,"column":4},"end":{"line":30,"column":50}},"10":{"start":{"line":31,"column":4},"end":{"line":31,"column":21}},"11":{"start":{"line":32,"column":4},"end":{"line":32,"column":29}},"12":{"start":{"line":33,"column":4},"end":{"line":33,"column":23}},"13":{"start":{"line":34,"column":4},"end":{"line":34,"column":28}},"14":{"start":{"line":41,"column":4},"end":{"line":100,"column":5}},"15":{"start":{"line":42,"column":81},"end":{"line":42,"column":120}},"16":{"start":{"line":43,"column":35},"end":{"line":43,"column":79}},"17":{"start":{"line":45,"column":6},"end":{"line":49,"column":9}},"18":{"start":{"line":51,"column":6},"end":{"line":51,"column":49}},"19":{"start":{"line":53,"column":6},"end":{"line":77,"column":9}},"20":{"start":{"line":54,"column":51},"end":{"line":54,"column":57}},"21":{"start":{"line":56,"column":8},"end":{"line":59,"column":9}},"22":{"start":{"line":57,"column":10},"end":{"line":57,"column":27}},"23":{"start":{"line":58,"column":10},"end":{"line":58,"column":42}},"24":{"start":{"line":61,"column":8},"end":{"line":76,"column":9}},"25":{"start":{"line":62,"column":34},"end":{"line":62,"column":106}},"26":{"start":{"line":63,"column":10},"end":{"line":63,"column":101}},"27":{"start":{"line":64,"column":10},"end":{"line":64,"column":35}},"28":{"start":{"line":65,"column":10},"end":{"line":65,"column":29}},"29":{"start":{"line":66,"column":10},"end":{"line":66,"column":34}},"30":{"start":{"line":68,"column":10},"end":{"line":70,"column":11}},"31":{"start":{"line":69,"column":12},"end":{"line":69,"column":27}},"32":{"start":{"line":71,"column":15},"end":{"line":76,"column":9}},"33":{"start":{"line":72,"column":10},"end":{"line":72,"column":44}},"34":{"start":{"line":73,"column":10},"end":{"line":73,"column":34}},"35":{"start":{"line":74,"column":10},"end":{"line":74,"column":29}},"36":{"start":{"line":75,"column":10},"end":{"line":75,"column":34}},"37":{"start":{"line":79,"column":6},"end":{"line":96,"column":9}},"38":{"start":{"line":80,"column":8},"end":{"line":95,"column":9}},"39":{"start":{"line":81,"column":25},"end":{"line":81,"column":46}},"40":{"start":{"line":82,"column":10},"end":{"line":94,"column":11}},"41":{"start":{"line":83,"column":30},"end":{"line":91,"column":13}},"42":{"start":{"line":92,"column":31},"end":{"line":92,"column":70}},"43":{"start":{"line":93,"column":12},"end":{"line":93,"column":87}},"44":{"start":{"line":98,"column":6},"end":{"line":98,"column":60}},"45":{"start":{"line":99,"column":6},"end":{"line":99,"column":18}},"46":{"start":{"line":108,"column":4},"end":{"line":108,"column":23}},"47":{"start":{"line":117,"column":4},"end":{"line":119,"column":5}},"48":{"start":{"line":118,"column":6},"end":{"line":118,"column":48}},"49":{"start":{"line":120,"column":27},"end":{"line":120,"column":51}},"50":{"start":{"line":121,"column":4},"end":{"line":129,"column":5}},"51":{"start":{"line":122,"column":19},"end":{"line":122,"column":69}},"52":{"start":{"line":123,"column":6},"end":{"line":123,"column":30}},"53":{"start":{"line":124,"column":6},"end":{"line":124,"column":51}},"54":{"start":{"line":125,"column":6},"end":{"line":125,"column":18}},"55":{"start":{"line":127,"column":6},"end":{"line":127,"column":61}},"56":{"start":{"line":128,"column":6},"end":{"line":128,"column":18}},"57":{"start":{"line":133,"column":4},"end":{"line":133,"column":28}},"58":{"start":{"line":143,"column":4},"end":{"line":145,"column":5}},"59":{"start":{"line":144,"column":6},"end":{"line":144,"column":48}},"60":{"start":{"line":147,"column":27},"end":{"line":147,"column":45}},"61":{"start":{"line":148,"column":21},"end":{"line":148,"column":55}},"62":{"start":{"line":149,"column":14},"end":{"line":149,"column":22}},"63":{"start":{"line":151,"column":4},"end":{"line":164,"column":5}},"64":{"start":{"line":152,"column":23},"end":{"line":152,"column":59}},"65":{"start":{"line":153,"column":6},"end":{"line":156,"column":7}},"66":{"start":{"line":154,"column":8},"end":{"line":154,"column":74}},"67":{"start":{"line":155,"column":8},"end":{"line":155,"column":79}},"68":{"start":{"line":157,"column":6},"end":{"line":160,"column":7}},"69":{"start":{"line":158,"column":8},"end":{"line":158,"column":88}},"70":{"start":{"line":159,"column":8},"end":{"line":159,"column":25}},"71":{"start":{"line":161,"column":6},"end":{"line":161,"column":85}},"72":{"start":{"line":163,"column":6},"end":{"line":163,"column":83}},"73":{"start":{"line":166,"column":4},"end":{"line":179,"column":5}},"74":{"start":{"line":167,"column":21},"end":{"line":167,"column":72}},"75":{"start":{"line":168,"column":6},"end":{"line":174,"column":9}},"76":{"start":{"line":175,"column":6},"end":{"line":175,"column":94}},"77":{"start":{"line":177,"column":6},"end":{"line":177,"column":53}},"78":{"start":{"line":178,"column":6},"end":{"line":178,"column":54}}},"fnMap":{"0":{"name":"formatPhone","decl":{"start":{"line":10,"column":16},"end":{"line":10,"column":27}},"loc":{"start":{"line":10,"column":35},"end":{"line":23,"column":1}},"line":10},"1":{"name":"(anonymous_1)","decl":{"start":{"line":29,"column":2},"end":{"line":29,"column":3}},"loc":{"start":{"line":29,"column":26},"end":{"line":35,"column":3}},"line":29},"2":{"name":"(anonymous_2)","decl":{"start":{"line":40,"column":2},"end":{"line":40,"column":3}},"loc":{"start":{"line":40,"column":18},"end":{"line":101,"column":3}},"line":40},"3":{"name":"(anonymous_3)","decl":{"start":{"line":53,"column":43},"end":{"line":53,"column":44}},"loc":{"start":{"line":53,"column":55},"end":{"line":77,"column":7}},"line":53},"4":{"name":"(anonymous_4)","decl":{"start":{"line":79,"column":41},"end":{"line":79,"column":42}},"loc":{"start":{"line":79,"column":54},"end":{"line":96,"column":7}},"line":79},"5":{"name":"(anonymous_5)","decl":{"start":{"line":107,"column":2},"end":{"line":107,"column":3}},"loc":{"start":{"line":107,"column":14},"end":{"line":109,"column":3}},"line":107},"6":{"name":"(anonymous_6)","decl":{"start":{"line":116,"column":2},"end":{"line":116,"column":3}},"loc":{"start":{"line":116,"column":40},"end":{"line":130,"column":3}},"line":116},"7":{"name":"(anonymous_7)","decl":{"start":{"line":132,"column":2},"end":{"line":132,"column":3}},"loc":{"start":{"line":132,"column":19},"end":{"line":134,"column":3}},"line":132},"8":{"name":"(anonymous_8)","decl":{"start":{"line":142,"column":2},"end":{"line":142,"column":3}},"loc":{"start":{"line":142,"column":36},"end":{"line":180,"column":3}},"line":142}},"branchMap":{"0":{"loc":{"start":{"line":11,"column":2},"end":{"line":11,"column":54}},"type":"if","locations":[{"start":{"line":11,"column":2},"end":{"line":11,"column":54}},{"start":{},"end":{}}],"line":11},"1":{"loc":{"start":{"line":15,"column":2},"end":{"line":17,"column":3}},"type":"if","locations":[{"start":{"line":15,"column":2},"end":{"line":17,"column":3}},{"start":{},"end":{}}],"line":15},"2":{"loc":{"start":{"line":15,"column":6},"end":{"line":15,"column":48}},"type":"binary-expr","locations":[{"start":{"line":15,"column":6},"end":{"line":15,"column":25}},{"start":{"line":15,"column":29},"end":{"line":15,"column":48}}],"line":15},"3":{"loc":{"start":{"line":19,"column":2},"end":{"line":21,"column":3}},"type":"if","locations":[{"start":{"line":19,"column":2},"end":{"line":21,"column":3}},{"start":{},"end":{}}],"line":19},"4":{"loc":{"start":{"line":30,"column":22},"end":{"line":30,"column":49}},"type":"binary-expr","locations":[{"start":{"line":30,"column":22},"end":{"line":30,"column":32}},{"start":{"line":30,"column":36},"end":{"line":30,"column":49}}],"line":30},"5":{"loc":{"start":{"line":56,"column":8},"end":{"line":59,"column":9}},"type":"if","locations":[{"start":{"line":56,"column":8},"end":{"line":59,"column":9}},{"start":{},"end":{}}],"line":56},"6":{"loc":{"start":{"line":61,"column":8},"end":{"line":76,"column":9}},"type":"if","locations":[{"start":{"line":61,"column":8},"end":{"line":76,"column":9}},{"start":{"line":71,"column":15},"end":{"line":76,"column":9}}],"line":61},"7":{"loc":{"start":{"line":68,"column":10},"end":{"line":70,"column":11}},"type":"if","locations":[{"start":{"line":68,"column":10},"end":{"line":70,"column":11}},{"start":{},"end":{}}],"line":68},"8":{"loc":{"start":{"line":71,"column":15},"end":{"line":76,"column":9}},"type":"if","locations":[{"start":{"line":71,"column":15},"end":{"line":76,"column":9}},{"start":{},"end":{}}],"line":71},"9":{"loc":{"start":{"line":82,"column":10},"end":{"line":94,"column":11}},"type":"if","locations":[{"start":{"line":82,"column":10},"end":{"line":94,"column":11}},{"start":{},"end":{}}],"line":82},"10":{"loc":{"start":{"line":92,"column":31},"end":{"line":92,"column":70}},"type":"binary-expr","locations":[{"start":{"line":92,"column":31},"end":{"line":92,"column":48}},{"start":{"line":92,"column":52},"end":{"line":92,"column":70}}],"line":92},"11":{"loc":{"start":{"line":117,"column":4},"end":{"line":119,"column":5}},"type":"if","locations":[{"start":{"line":117,"column":4},"end":{"line":119,"column":5}},{"start":{},"end":{}}],"line":117},"12":{"loc":{"start":{"line":117,"column":8},"end":{"line":117,"column":39}},"type":"binary-expr","locations":[{"start":{"line":117,"column":8},"end":{"line":117,"column":18}},{"start":{"line":117,"column":22},"end":{"line":117,"column":39}}],"line":117},"13":{"loc":{"start":{"line":143,"column":4},"end":{"line":145,"column":5}},"type":"if","locations":[{"start":{"line":143,"column":4},"end":{"line":145,"column":5}},{"start":{},"end":{}}],"line":143},"14":{"loc":{"start":{"line":143,"column":8},"end":{"line":143,"column":39}},"type":"binary-expr","locations":[{"start":{"line":143,"column":8},"end":{"line":143,"column":18}},{"start":{"line":143,"column":22},"end":{"line":143,"column":39}}],"line":143},"15":{"loc":{"start":{"line":153,"column":6},"end":{"line":156,"column":7}},"type":"if","locations":[{"start":{"line":153,"column":6},"end":{"line":156,"column":7}},{"start":{},"end":{}}],"line":153},"16":{"loc":{"start":{"line":157,"column":6},"end":{"line":160,"column":7}},"type":"if","locations":[{"start":{"line":157,"column":6},"end":{"line":160,"column":7}},{"start":{},"end":{}}],"line":157},"17":{"loc":{"start":{"line":157,"column":10},"end":{"line":157,"column":47}},"type":"binary-expr","locations":[{"start":{"line":157,"column":10},"end":{"line":157,"column":20}},{"start":{"line":157,"column":24},"end":{"line":157,"column":47}}],"line":157}},"s":{"0":1,"1":7,"2":2,"3":5,"4":5,"5":2,"6":3,"7":1,"8":2,"9":0,"10":0,"11":0,"12":0,"13":0,"14":0,"15":0,"16":0,"17":0,"18":0,"19":0,"20":0,"21":0,"22":0,"23":0,"24":0,"25":0,"26":0,"27":0,"28":0,"29":0,"30":0,"31":0,"32":0,"33":0,"34":0,"35":0,"36":0,"37":0,"38":0,"39":0,"40":0,"41":0,"42":0,"43":0,"44":0,"45":0,"46":0,"47":0,"48":0,"49":0,"50":0,"51":0,"52":0,"53":0,"54":0,"55":0,"56":0,"57":0,"58":0,"59":0,"60":0,"61":0,"62":0,"63":0,"64":0,"65":0,"66":0,"67":0,"68":0,"69":0,"70":0,"71":0,"72":0,"73":0,"74":0,"75":0,"76":0,"77":0,"78":0},"f":{"0":7,"1":0,"2":0,"3":0,"4":0,"5":0,"6":0,"7":0,"8":0},"b":{"0":[2,5],"1":[2,3],"2":[5,4],"3":[1,2],"4":[0,0],"5":[0,0],"6":[0,0],"7":[0,0],"8":[0,0],"9":[0,0],"10":[0,0],"11":[0,0],"12":[0,0],"13":[0,0],"14":[0,0],"15":[0,0],"16":[0,0],"17":[0,0]},"inputSourceMap":null,"_coverageSchema":"1a1c01bbd47fc00a2c39e90264f33305004495a9","hash":"3f20e1151e1f1e6a5b66624d896cfb9aaa4c482c"}
,"E:\\ECOM\\2026\\PROJETOS\\NOVO PROJETO\\WEBHOOK\\src\\templates\\message.js": {"path":"E:\\ECOM\\2026\\PROJETOS\\NOVO PROJETO\\WEBHOOK\\src\\templates\\message.js","statementMap":{"0":{"start":{"line":8,"column":2},"end":{"line":8,"column":65}},"1":{"start":{"line":8,"column":29},"end":{"line":8,"column":65}},"2":{"start":{"line":9,"column":2},"end":{"line":9,"column":74}},"3":{"start":{"line":9,"column":35},"end":{"line":9,"column":74}},"4":{"start":{"line":11,"column":19},"end":{"line":11,"column":40}},"5":{"start":{"line":12,"column":22},"end":{"line":12,"column":46}},"6":{"start":{"line":14,"column":2},"end":{"line":20,"column":44}}},"fnMap":{"0":{"name":"formatCartMessage","decl":{"start":{"line":7,"column":16},"end":{"line":7,"column":33}},"loc":{"start":{"line":7,"column":49},"end":{"line":21,"column":1}},"line":7}},"branchMap":{"0":{"loc":{"start":{"line":8,"column":2},"end":{"line":8,"column":65}},"type":"if","locations":[{"start":{"line":8,"column":2},"end":{"line":8,"column":65}},{"start":{},"end":{}}],"line":8},"1":{"loc":{"start":{"line":8,"column":6},"end":{"line":8,"column":27}},"type":"binary-expr","locations":[{"start":{"line":8,"column":6},"end":{"line":8,"column":11}},{"start":{"line":8,"column":15},"end":{"line":8,"column":27}}],"line":8},"2":{"loc":{"start":{"line":9,"column":2},"end":{"line":9,"column":74}},"type":"if","locations":[{"start":{"line":9,"column":2},"end":{"line":9,"column":74}},{"start":{},"end":{}}],"line":9},"3":{"loc":{"start":{"line":9,"column":6},"end":{"line":9,"column":33}},"type":"binary-expr","locations":[{"start":{"line":9,"column":6},"end":{"line":9,"column":14}},{"start":{"line":9,"column":18},"end":{"line":9,"column":33}}],"line":9}},"s":{"0":5,"1":2,"2":3,"3":2,"4":1,"5":1,"6":1},"f":{"0":5},"b":{"0":[2,3],"1":[5,3],"2":[2,1],"3":[3,1]},"inputSourceMap":null,"_coverageSchema":"1a1c01bbd47fc00a2c39e90264f33305004495a9","hash":"366bf0c1ffc1bfbb457b3b667123126322585dd7"}
,"E:\\ECOM\\2026\\PROJETOS\\NOVO PROJETO\\WEBHOOK\\src\\utils\\tracker.js": {"path":"E:\\ECOM\\2026\\PROJETOS\\NOVO PROJETO\\WEBHOOK\\src\\utils\\tracker.js","statementMap":{"0":{"start":{"line":1,"column":19},"end":{"line":1,"column":20}},"1":{"start":{"line":2,"column":22},"end":{"line":2,"column":26}},"2":{"start":{"line":3,"column":19},"end":{"line":3,"column":21}},"3":{"start":{"line":4,"column":21},"end":{"line":4,"column":24}},"4":{"start":{"line":7,"column":2},"end":{"line":7,"column":17}},"5":{"start":{"line":8,"column":2},"end":{"line":8,"column":45}},"6":{"start":{"line":9,"column":2},"end":{"line":14,"column":5}},"7":{"start":{"line":15,"column":2},"end":{"line":17,"column":3}},"8":{"start":{"line":16,"column":4},"end":{"line":16,"column":21}},"9":{"start":{"line":21,"column":2},"end":{"line":24,"column":4}},"10":{"start":{"line":28,"column":2},"end":{"line":28,"column":20}}},"fnMap":{"0":{"name":"trackMessage","decl":{"start":{"line":6,"column":16},"end":{"line":6,"column":28}},"loc":{"start":{"line":6,"column":54},"end":{"line":18,"column":1}},"line":6},"1":{"name":"getStats","decl":{"start":{"line":20,"column":16},"end":{"line":20,"column":24}},"loc":{"start":{"line":20,"column":27},"end":{"line":25,"column":1}},"line":20},"2":{"name":"getLogs","decl":{"start":{"line":27,"column":16},"end":{"line":27,"column":23}},"loc":{"start":{"line":27,"column":26},"end":{"line":29,"column":1}},"line":27}},"branchMap":{"0":{"loc":{"start":{"line":15,"column":2},"end":{"line":17,"column":3}},"type":"if","locations":[{"start":{"line":15,"column":2},"end":{"line":17,"column":3}},{"start":{},"end":{}}],"line":15}},"s":{"0":1,"1":1,"2":1,"3":1,"4":2,"5":2,"6":2,"7":2,"8":0,"9":0,"10":0},"f":{"0":2,"1":0,"2":0},"b":{"0":[0,2]},"inputSourceMap":null,"_coverageSchema":"1a1c01bbd47fc00a2c39e90264f33305004495a9","hash":"ae66f7ff06999ce04ed2bb07fff592d969626190"}
}
