TN:
SF:src\services\aiAgent.js
FN:61,getConfig
FN:66,setConfig
FN:70,isEnabled
FN:75,getNotifications
FN:79,resolveNotification
FN:83,createNotification
FN:87,buildPrompt
FN:106,callGemini
FN:111,(anonymous_8)
FN:147,getRecentHistory
FN:149,(anonymous_10)
FN:154,checkNeedsHuman
FN:156,(anonymous_12)
FN:159,processMessage
FN:176,(anonymous_14)
FN:216,reset
FNF:16
FNH:13
FNDA:19,getConfig
FNDA:16,setConfig
FNDA:10,isEnabled
FNDA:4,getNotifications
FNDA:1,resolveNotification
FNDA:3,createNotification
FNDA:7,buildPrompt
FNDA:7,callGemini
FNDA:0,(anonymous_8)
FNDA:7,getRecentHistory
FNDA:0,(anonymous_10)
FNDA:6,checkNeedsHuman
FNDA:24,(anonymous_12)
FNDA:8,processMessage
FNDA:0,(anonymous_14)
FNDA:13,reset
DA:8,1
DA:9,1
DA:11,1
DA:12,1
DA:13,1
DA:15,1
DA:31,1
DA:55,1
DA:56,1
DA:57,1
DA:58,1
DA:59,1
DA:62,19
DA:63,19
DA:67,16
DA:71,10
DA:72,10
DA:76,4
DA:80,1
DA:84,3
DA:88,7
DA:107,7
DA:108,7
DA:110,6
DA:111,6
DA:113,6
DA:114,6
DA:132,6
DA:133,0
DA:134,0
DA:137,6
DA:138,6
DA:140,0
DA:141,0
DA:143,6
DA:148,7
DA:149,7
DA:150,0
DA:155,6
DA:156,24
DA:160,8
DA:162,7
DA:164,7
DA:165,7
DA:166,1
DA:167,1
DA:170,7
DA:172,7
DA:173,7
DA:175,7
DA:176,7
DA:178,7
DA:187,7
DA:189,6
DA:190,6
DA:191,3
DA:194,6
DA:195,6
DA:198,6
DA:208,6
DA:217,13
DA:218,13
DA:221,1
LF:63
LH:58
BRDA:8,0,0,0
BRDA:8,0,1,1
BRDA:9,1,0,0
BRDA:9,1,1,1
BRDA:63,2,0,11
BRDA:63,2,1,8
BRDA:72,3,0,10
BRDA:72,3,1,2
BRDA:93,4,0,7
BRDA:93,4,1,7
BRDA:96,5,0,7
BRDA:96,5,1,0
BRDA:108,6,0,1
BRDA:108,6,1,6
BRDA:132,7,0,0
BRDA:132,7,1,6
BRDA:138,8,0,6
BRDA:138,8,1,0
BRDA:140,9,0,0
BRDA:140,9,1,0
BRDA:150,10,0,0
BRDA:150,10,1,0
BRDA:160,11,0,1
BRDA:160,11,1,7
BRDA:165,12,0,1
BRDA:165,12,1,6
BRDA:172,13,0,7
BRDA:172,13,1,0
BRDA:175,14,0,7
BRDA:175,14,1,7
BRDA:190,15,0,3
BRDA:190,15,1,3
BRDA:194,16,0,6
BRDA:194,16,1,0
BRDA:195,17,0,6
BRDA:195,17,1,6
BRF:36
BRH:25
end_of_record
TN:
SF:src\services\flowEngine.js
FN:91,initDefaultRules
FN:94,(anonymous_1)
FN:108,rowToState
FN:118,rowToRule
FN:129,identifyPhase
FN:135,(anonymous_5)
FN:139,(anonymous_6)
FN:143,(anonymous_7)
FN:144,(anonymous_8)
FN:148,(anonymous_9)
FN:157,(anonymous_10)
FN:172,(anonymous_11)
FN:183,(anonymous_12)
FN:187,(anonymous_13)
FN:195,(anonymous_14)
FN:207,(anonymous_15)
FN:213,(anonymous_16)
FN:224,(anonymous_17)
FN:226,(anonymous_18)
FN:228,(anonymous_19)
FN:231,(anonymous_20)
FNF:21
FNH:14
FNDA:14,initDefaultRules
FNDA:13,(anonymous_1)
FNDA:15,rowToState
FNDA:28,rowToRule
FNDA:7,identifyPhase
FNDA:45,(anonymous_5)
FNDA:0,(anonymous_6)
FNDA:0,(anonymous_7)
FNDA:0,(anonymous_8)
FNDA:0,(anonymous_9)
FNDA:22,(anonymous_10)
FNDA:1,(anonymous_11)
FNDA:7,(anonymous_12)
FNDA:0,(anonymous_13)
FNDA:0,(anonymous_14)
FNDA:0,(anonymous_15)
FNDA:6,(anonymous_16)
FNDA:7,(anonymous_17)
FNDA:8,(anonymous_18)
FNDA:14,(anonymous_19)
FNDA:13,(anonymous_20)
DA:5,1
DA:6,1
DA:8,1
DA:9,1
DA:10,1
DA:12,1
DA:31,1
DA:33,1
DA:60,1
DA:61,1
DA:62,4
DA:65,1
DA:67,1
DA:79,1
DA:80,1
DA:84,1
DA:85,1
DA:86,1
DA:87,1
DA:88,1
DA:89,1
DA:92,14
DA:93,14
DA:94,13
DA:95,13
DA:96,52
DA:104,13
DA:109,15
DA:119,28
DA:130,7
DA:132,7
DA:134,7
DA:135,45
DA:138,6
DA:139,0
DA:142,6
DA:143,0
DA:144,0
DA:147,6
DA:148,0
DA:151,6
DA:154,1
DA:156,1
DA:158,22
DA:159,22
DA:161,7
DA:168,7
DA:169,7
DA:173,1
DA:174,0
DA:176,1
DA:177,1
DA:178,1
DA:184,7
DA:188,0
DA:189,0
DA:191,0
DA:192,0
DA:196,0
DA:197,0
DA:198,0
DA:199,0
DA:200,0
DA:201,0
DA:202,0
DA:203,0
DA:204,0
DA:208,0
DA:209,0
DA:210,0
DA:214,6
DA:215,0
DA:217,6
DA:218,6
DA:219,6
DA:220,6
DA:221,6
DA:225,7
DA:226,8
DA:227,7
DA:228,14
DA:232,13
DA:233,13
DA:234,13
LF:84
LH:62
BRDA:5,0,0,0
BRDA:5,0,1,1
BRDA:6,1,0,0
BRDA:6,1,1,1
BRDA:93,2,0,13
BRDA:93,2,1,1
BRDA:112,3,0,15
BRDA:112,3,1,0
BRDA:122,4,0,28
BRDA:122,4,1,0
BRDA:124,5,0,28
BRDA:124,5,1,0
BRDA:130,6,0,0
BRDA:130,6,1,7
BRDA:130,7,0,7
BRDA:130,7,1,7
BRDA:134,8,0,7
BRDA:134,8,1,0
BRDA:135,9,0,1
BRDA:135,9,1,6
BRDA:138,10,0,0
BRDA:138,10,1,6
BRDA:139,11,0,0
BRDA:139,11,1,0
BRDA:142,12,0,0
BRDA:142,12,1,6
BRDA:143,13,0,0
BRDA:143,13,1,0
BRDA:144,14,0,0
BRDA:144,14,1,0
BRDA:147,15,0,0
BRDA:147,15,1,6
BRDA:148,16,0,0
BRDA:148,16,1,0
BRDA:159,17,0,15
BRDA:159,17,1,7
BRDA:173,18,0,0
BRDA:173,18,1,1
BRDA:188,19,0,0
BRDA:188,19,1,0
BRDA:197,20,0,0
BRDA:197,20,1,0
BRDA:198,21,0,0
BRDA:198,21,1,0
BRDA:199,22,0,0
BRDA:199,22,1,0
BRDA:200,23,0,0
BRDA:200,23,1,0
BRDA:201,24,0,0
BRDA:201,24,1,0
BRDA:202,25,0,0
BRDA:202,25,1,0
BRDA:209,26,0,0
BRDA:209,26,1,0
BRDA:214,27,0,0
BRDA:214,27,1,6
BRDA:218,28,0,0
BRDA:218,28,1,6
BRDA:227,29,0,0
BRDA:227,29,1,7
BRF:60
BRH:22
end_of_record
