TN:
SF:src\handlers\webhook.js
FN:7,(anonymous_0)
FN:16,cleanPhone
FN:26,parseLastLinkData
FN:37,(anonymous_3)
FN:38,(anonymous_4)
FN:57,handleWebhook
FNF:6
FNH:2
FNDA:0,(anonymous_0)
FNDA:0,cleanPhone
FNDA:7,parseLastLinkData
FNDA:0,(anonymous_3)
FNDA:0,(anonymous_4)
FNDA:7,handleWebhook
DA:5,1
DA:7,1
DA:8,0
DA:17,0
DA:18,0
DA:28,7
DA:29,0
DA:30,0
DA:32,0
DA:33,0
DA:36,0
DA:37,0
DA:38,0
DA:39,0
DA:41,0
DA:45,7
DA:58,7
DA:61,7
DA:62,3
DA:67,4
DA:68,1
DA:71,3
DA:72,3
DA:76,3
DA:78,2
DA:80,2
DA:81,1
DA:83,1
DA:84,1
DA:87,1
DA:88,1
LF:31
LH:19
BRDA:17,0,0,0
BRDA:17,0,1,0
BRDA:28,1,0,0
BRDA:28,1,1,7
BRDA:30,2,0,0
BRDA:30,2,1,0
BRDA:37,3,0,0
BRDA:37,3,1,0
BRDA:39,4,0,0
BRDA:39,4,1,0
BRDA:61,5,0,3
BRDA:61,5,1,4
BRDA:61,6,0,7
BRDA:61,6,1,6
BRDA:61,6,2,5
BRDA:67,7,0,1
BRDA:67,7,1,3
BRDA:80,8,0,1
BRDA:80,8,1,1
BRF:19
BRH:10
end_of_record
TN:
SF:src\middleware\auth.js
FN:7,authMiddleware
FNF:1
FNH:1
FNDA:4,authMiddleware
DA:8,4
DA:10,4
DA:11,1
DA:14,3
DA:15,3
DA:17,3
DA:18,1
DA:22,2
DA:23,2
DA:25,2
DA:26,1
DA:29,1
LF:12
LH:12
BRDA:10,0,0,1
BRDA:10,0,1,3
BRDA:10,1,0,4
BRDA:10,1,1,3
BRDA:17,2,0,1
BRDA:17,2,1,2
BRDA:17,3,0,3
BRDA:17,3,1,2
BRDA:25,4,0,1
BRDA:25,4,1,1
BRDA:25,5,0,2
BRDA:25,5,1,1
BRF:12
BRH:12
end_of_record
TN:
SF:src\services\whatsapp.js
FN:10,formatPhone
FN:29,(anonymous_1)
FN:40,(anonymous_2)
FN:53,(anonymous_3)
FN:79,(anonymous_4)
FN:107,(anonymous_5)
FN:116,(anonymous_6)
FN:132,(anonymous_7)
FN:142,(anonymous_8)
FNF:9
FNH:1
FNDA:7,formatPhone
FNDA:0,(anonymous_1)
FNDA:0,(anonymous_2)
FNDA:0,(anonymous_3)
FNDA:0,(anonymous_4)
FNDA:0,(anonymous_5)
FNDA:0,(anonymous_6)
FNDA:0,(anonymous_7)
FNDA:0,(anonymous_8)
DA:3,1
DA:11,7
DA:13,5
DA:15,5
DA:16,2
DA:19,3
DA:20,1
DA:22,2
DA:30,0
DA:31,0
DA:32,0
DA:33,0
DA:34,0
DA:41,0
DA:42,0
DA:43,0
DA:45,0
DA:51,0
DA:53,0
DA:54,0
DA:56,0
DA:57,0
DA:58,0
DA:61,0
DA:62,0
DA:63,0
DA:64,0
DA:65,0
DA:66,0
DA:68,0
DA:69,0
DA:71,0
DA:72,0
DA:73,0
DA:74,0
DA:75,0
DA:79,0
DA:80,0
DA:81,0
DA:82,0
DA:83,0
DA:92,0
DA:93,0
DA:98,0
DA:99,0
DA:108,0
DA:117,0
DA:118,0
DA:120,0
DA:121,0
DA:122,0
DA:123,0
DA:124,0
DA:125,0
DA:127,0
DA:128,0
DA:133,0
DA:143,0
DA:144,0
DA:147,0
DA:148,0
DA:149,0
DA:151,0
DA:152,0
DA:153,0
DA:154,0
DA:155,0
DA:157,0
DA:158,0
DA:159,0
DA:161,0
DA:163,0
DA:166,0
DA:167,0
DA:168,0
DA:175,0
DA:177,0
DA:178,0
LF:78
LH:8
BRDA:11,0,0,2
BRDA:11,0,1,5
BRDA:15,1,0,2
BRDA:15,1,1,3
BRDA:15,2,0,5
BRDA:15,2,1,4
BRDA:19,3,0,1
BRDA:19,3,1,2
BRDA:30,4,0,0
BRDA:30,4,1,0
BRDA:56,5,0,0
BRDA:56,5,1,0
BRDA:61,6,0,0
BRDA:61,6,1,0
BRDA:68,7,0,0
BRDA:68,7,1,0
BRDA:71,8,0,0
BRDA:71,8,1,0
BRDA:82,9,0,0
BRDA:82,9,1,0
BRDA:92,10,0,0
BRDA:92,10,1,0
BRDA:117,11,0,0
BRDA:117,11,1,0
BRDA:117,12,0,0
BRDA:117,12,1,0
BRDA:143,13,0,0
BRDA:143,13,1,0
BRDA:143,14,0,0
BRDA:143,14,1,0
BRDA:153,15,0,0
BRDA:153,15,1,0
BRDA:157,16,0,0
BRDA:157,16,1,0
BRDA:157,17,0,0
BRDA:157,17,1,0
BRF:36
BRH:8
end_of_record
TN:
SF:src\templates\message.js
FN:7,formatCartMessage
FNF:1
FNH:1
FNDA:5,formatCartMessage
DA:8,5
DA:9,3
DA:11,1
DA:12,1
DA:14,1
LF:5
LH:5
BRDA:8,0,0,2
BRDA:8,0,1,3
BRDA:8,1,0,5
BRDA:8,1,1,3
BRDA:9,2,0,2
BRDA:9,2,1,1
BRDA:9,3,0,3
BRDA:9,3,1,1
BRF:8
BRH:8
end_of_record
TN:
SF:src\utils\tracker.js
FN:6,trackMessage
FN:20,getStats
FN:27,getLogs
FNF:3
FNH:1
FNDA:2,trackMessage
FNDA:0,getStats
FNDA:0,getLogs
DA:1,1
DA:2,1
DA:3,1
DA:4,1
DA:7,2
DA:8,2
DA:9,2
DA:15,2
DA:16,0
DA:21,0
DA:28,0
LF:11
LH:8
BRDA:15,0,0,0
BRDA:15,0,1,2
BRF:2
BRH:1
end_of_record
